mode: set
devops.aishu.cn/AISHUDevOps/AnyRobot/_git/itops-alert-analysis/main.go:17.13,19.16 2 0
devops.aishu.cn/AISHUDevOps/AnyRobot/_git/itops-alert-analysis/main.go:19.16,21.3 1 0
devops.aishu.cn/AISHUDevOps/AnyRobot/_git/itops-alert-analysis/main.go:24.2,33.15 2 0
devops.aishu.cn/AISHUDevOps/AnyRobot/_git/itops-alert-analysis/main.go:33.15,35.3 1 0
devops.aishu.cn/AISHUDevOps/AnyRobot/_git/itops-alert-analysis/main.go:37.2,38.16 2 0
devops.aishu.cn/AISHUDevOps/AnyRobot/_git/itops-alert-analysis/main.go:38.16,40.3 1 0
devops.aishu.cn/AISHUDevOps/AnyRobot/_git/itops-alert-analysis/main.go:42.2,45.15 3 0
devops.aishu.cn/AISHUDevOps/AnyRobot/_git/itops-alert-analysis/main.go:45.15,48.56 3 0
devops.aishu.cn/AISHUDevOps/AnyRobot/_git/itops-alert-analysis/main.go:48.56,50.4 1 0
devops.aishu.cn/AISHUDevOps/AnyRobot/_git/itops-alert-analysis/main.go:53.2,54.84 2 0
devops.aishu.cn/AISHUDevOps/AnyRobot/_git/itops-alert-analysis/main.go:54.84,56.3 1 0
devops.aishu.cn/AISHUDevOps/AnyRobot/_git/itops-alert-analysis/infra/dip/causal_agent.go:38.153,40.14 1 0
devops.aishu.cn/AISHUDevOps/AnyRobot/_git/itops-alert-analysis/infra/dip/causal_agent.go:40.14,42.3 1 0
devops.aishu.cn/AISHUDevOps/AnyRobot/_git/itops-alert-analysis/infra/dip/causal_agent.go:43.2,43.25 1 0
devops.aishu.cn/AISHUDevOps/AnyRobot/_git/itops-alert-analysis/infra/dip/causal_agent.go:43.25,45.3 1 0
devops.aishu.cn/AISHUDevOps/AnyRobot/_git/itops-alert-analysis/infra/dip/causal_agent.go:46.2,46.16 1 0
devops.aishu.cn/AISHUDevOps/AnyRobot/_git/itops-alert-analysis/infra/dip/causal_agent.go:46.16,48.3 1 0
devops.aishu.cn/AISHUDevOps/AnyRobot/_git/itops-alert-analysis/infra/dip/causal_agent.go:49.2,49.30 1 0
devops.aishu.cn/AISHUDevOps/AnyRobot/_git/itops-alert-analysis/infra/dip/causal_agent.go:49.30,51.3 1 0
devops.aishu.cn/AISHUDevOps/AnyRobot/_git/itops-alert-analysis/infra/dip/causal_agent.go:52.2,52.33 1 0
devops.aishu.cn/AISHUDevOps/AnyRobot/_git/itops-alert-analysis/infra/dip/causal_agent.go:52.33,54.3 1 0
devops.aishu.cn/AISHUDevOps/AnyRobot/_git/itops-alert-analysis/infra/dip/causal_agent.go:56.2,74.16 6 0
devops.aishu.cn/AISHUDevOps/AnyRobot/_git/itops-alert-analysis/infra/dip/causal_agent.go:74.16,76.3 1 0
devops.aishu.cn/AISHUDevOps/AnyRobot/_git/itops-alert-analysis/infra/dip/causal_agent.go:79.2,79.17 1 0
devops.aishu.cn/AISHUDevOps/AnyRobot/_git/itops-alert-analysis/infra/dip/causal_agent.go:79.17,81.3 1 0
devops.aishu.cn/AISHUDevOps/AnyRobot/_git/itops-alert-analysis/infra/dip/causal_agent.go:84.2,84.37 1 0
devops.aishu.cn/AISHUDevOps/AnyRobot/_git/itops-alert-analysis/infra/dip/causal_agent.go:84.37,86.3 1 0
devops.aishu.cn/AISHUDevOps/AnyRobot/_git/itops-alert-analysis/infra/dip/causal_agent.go:89.2,90.52 2 0
devops.aishu.cn/AISHUDevOps/AnyRobot/_git/itops-alert-analysis/infra/dip/causal_agent.go:90.52,92.3 1 0
devops.aishu.cn/AISHUDevOps/AnyRobot/_git/itops-alert-analysis/infra/dip/causal_agent.go:94.2,95.16 2 0
devops.aishu.cn/AISHUDevOps/AnyRobot/_git/itops-alert-analysis/infra/dip/causal_agent.go:95.16,97.3 1 0
devops.aishu.cn/AISHUDevOps/AnyRobot/_git/itops-alert-analysis/infra/dip/causal_agent.go:102.2,103.66 2 0
devops.aishu.cn/AISHUDevOps/AnyRobot/_git/itops-alert-analysis/infra/dip/causal_agent.go:103.66,106.22 2 0
devops.aishu.cn/AISHUDevOps/AnyRobot/_git/itops-alert-analysis/infra/dip/causal_agent.go:106.22,108.4 1 0
devops.aishu.cn/AISHUDevOps/AnyRobot/_git/itops-alert-analysis/infra/dip/causal_agent.go:109.3,109.22 1 0
devops.aishu.cn/AISHUDevOps/AnyRobot/_git/itops-alert-analysis/infra/dip/causal_agent.go:109.22,111.4 1 0
devops.aishu.cn/AISHUDevOps/AnyRobot/_git/itops-alert-analysis/infra/dip/causal_agent.go:112.3,112.20 1 0
devops.aishu.cn/AISHUDevOps/AnyRobot/_git/itops-alert-analysis/infra/dip/causal_agent.go:116.2,116.72 1 0
devops.aishu.cn/AISHUDevOps/AnyRobot/_git/itops-alert-analysis/infra/dip/causal_agent.go:116.72,119.40 2 0
devops.aishu.cn/AISHUDevOps/AnyRobot/_git/itops-alert-analysis/infra/dip/causal_agent.go:119.40,121.4 1 0
devops.aishu.cn/AISHUDevOps/AnyRobot/_git/itops-alert-analysis/infra/dip/causal_agent.go:122.3,122.81 1 0
devops.aishu.cn/AISHUDevOps/AnyRobot/_git/itops-alert-analysis/infra/dip/causal_agent.go:126.2,128.20 2 0
devops.aishu.cn/AISHUDevOps/AnyRobot/_git/itops-alert-analysis/infra/dip/causal_agent.go:132.77,133.17 1 0
devops.aishu.cn/AISHUDevOps/AnyRobot/_git/itops-alert-analysis/infra/dip/causal_agent.go:133.17,135.3 1 0
devops.aishu.cn/AISHUDevOps/AnyRobot/_git/itops-alert-analysis/infra/dip/causal_agent.go:138.2,139.19 2 0
devops.aishu.cn/AISHUDevOps/AnyRobot/_git/itops-alert-analysis/infra/dip/causal_agent.go:139.19,141.3 1 0
devops.aishu.cn/AISHUDevOps/AnyRobot/_git/itops-alert-analysis/infra/dip/causal_agent.go:143.2,143.21 1 0
devops.aishu.cn/AISHUDevOps/AnyRobot/_git/itops-alert-analysis/infra/dip/causal_agent.go:147.76,148.16 1 0
devops.aishu.cn/AISHUDevOps/AnyRobot/_git/itops-alert-analysis/infra/dip/causal_agent.go:148.16,150.3 1 0
devops.aishu.cn/AISHUDevOps/AnyRobot/_git/itops-alert-analysis/infra/dip/causal_agent.go:153.2,155.26 3 0
devops.aishu.cn/AISHUDevOps/AnyRobot/_git/itops-alert-analysis/infra/dip/causal_agent.go:155.26,157.3 1 0
devops.aishu.cn/AISHUDevOps/AnyRobot/_git/itops-alert-analysis/infra/dip/causal_agent.go:160.2,161.42 2 0
devops.aishu.cn/AISHUDevOps/AnyRobot/_git/itops-alert-analysis/infra/dip/causal_agent.go:161.42,163.3 1 0
devops.aishu.cn/AISHUDevOps/AnyRobot/_git/itops-alert-analysis/infra/dip/causal_agent.go:165.2,165.44 1 0
devops.aishu.cn/AISHUDevOps/AnyRobot/_git/itops-alert-analysis/infra/dip/causal_agent.go:169.72,174.73 3 0
devops.aishu.cn/AISHUDevOps/AnyRobot/_git/itops-alert-analysis/infra/dip/causal_agent.go:174.73,175.57 1 0
devops.aishu.cn/AISHUDevOps/AnyRobot/_git/itops-alert-analysis/infra/dip/causal_agent.go:175.57,177.4 1 0
devops.aishu.cn/AISHUDevOps/AnyRobot/_git/itops-alert-analysis/infra/dip/causal_agent.go:181.2,182.73 2 0
devops.aishu.cn/AISHUDevOps/AnyRobot/_git/itops-alert-analysis/infra/dip/causal_agent.go:182.73,183.57 1 0
devops.aishu.cn/AISHUDevOps/AnyRobot/_git/itops-alert-analysis/infra/dip/causal_agent.go:183.57,185.4 1 0
devops.aishu.cn/AISHUDevOps/AnyRobot/_git/itops-alert-analysis/infra/dip/causal_agent.go:189.2,190.75 2 0
devops.aishu.cn/AISHUDevOps/AnyRobot/_git/itops-alert-analysis/infra/dip/causal_agent.go:190.75,191.54 1 0
devops.aishu.cn/AISHUDevOps/AnyRobot/_git/itops-alert-analysis/infra/dip/causal_agent.go:191.54,193.4 1 0
devops.aishu.cn/AISHUDevOps/AnyRobot/_git/itops-alert-analysis/infra/dip/causal_agent.go:197.2,198.71 2 0
devops.aishu.cn/AISHUDevOps/AnyRobot/_git/itops-alert-analysis/infra/dip/causal_agent.go:198.71,200.3 1 0
devops.aishu.cn/AISHUDevOps/AnyRobot/_git/itops-alert-analysis/infra/dip/causal_agent.go:202.2,202.13 1 0
devops.aishu.cn/AISHUDevOps/AnyRobot/_git/itops-alert-analysis/infra/dip/causal_agent.go:206.44,207.13 1 0
devops.aishu.cn/AISHUDevOps/AnyRobot/_git/itops-alert-analysis/infra/dip/causal_agent.go:207.13,209.3 1 0
devops.aishu.cn/AISHUDevOps/AnyRobot/_git/itops-alert-analysis/infra/dip/causal_agent.go:211.2,216.13 4 0
devops.aishu.cn/AISHUDevOps/AnyRobot/_git/itops-alert-analysis/infra/dip/causal_agent.go:216.13,218.3 1 0
devops.aishu.cn/AISHUDevOps/AnyRobot/_git/itops-alert-analysis/infra/dip/causal_agent.go:221.2,222.16 2 0
devops.aishu.cn/AISHUDevOps/AnyRobot/_git/itops-alert-analysis/infra/dip/causal_agent.go:222.16,224.3 1 0
devops.aishu.cn/AISHUDevOps/AnyRobot/_git/itops-alert-analysis/infra/dip/causal_agent.go:226.2,226.20 1 0
devops.aishu.cn/AISHUDevOps/AnyRobot/_git/itops-alert-analysis/infra/dip/causal_agent.go:230.46,231.13 1 0
devops.aishu.cn/AISHUDevOps/AnyRobot/_git/itops-alert-analysis/infra/dip/causal_agent.go:231.13,233.3 1 0
devops.aishu.cn/AISHUDevOps/AnyRobot/_git/itops-alert-analysis/infra/dip/causal_agent.go:235.2,240.13 4 0
devops.aishu.cn/AISHUDevOps/AnyRobot/_git/itops-alert-analysis/infra/dip/causal_agent.go:240.13,242.3 1 0
devops.aishu.cn/AISHUDevOps/AnyRobot/_git/itops-alert-analysis/infra/dip/causal_agent.go:245.2,246.16 2 0
devops.aishu.cn/AISHUDevOps/AnyRobot/_git/itops-alert-analysis/infra/dip/causal_agent.go:246.16,248.3 1 0
devops.aishu.cn/AISHUDevOps/AnyRobot/_git/itops-alert-analysis/infra/dip/causal_agent.go:250.2,250.20 1 0
devops.aishu.cn/AISHUDevOps/AnyRobot/_git/itops-alert-analysis/infra/dip/causal_agent.go:254.46,255.19 1 0
devops.aishu.cn/AISHUDevOps/AnyRobot/_git/itops-alert-analysis/infra/dip/causal_agent.go:255.19,257.3 1 0
devops.aishu.cn/AISHUDevOps/AnyRobot/_git/itops-alert-analysis/infra/dip/causal_agent.go:259.2,260.74 2 0
devops.aishu.cn/AISHUDevOps/AnyRobot/_git/itops-alert-analysis/infra/dip/causal_agent.go:260.74,262.3 1 0
devops.aishu.cn/AISHUDevOps/AnyRobot/_git/itops-alert-analysis/infra/dip/causal_agent.go:265.2,270.16 6 0
devops.aishu.cn/AISHUDevOps/AnyRobot/_git/itops-alert-analysis/infra/dip/client.go:15.46,21.32 2 0
devops.aishu.cn/AISHUDevOps/AnyRobot/_git/itops-alert-analysis/infra/dip/client.go:21.32,23.3 1 0
devops.aishu.cn/AISHUDevOps/AnyRobot/_git/itops-alert-analysis/infra/dip/client.go:24.2,34.3 2 0
devops.aishu.cn/AISHUDevOps/AnyRobot/_git/itops-alert-analysis/infra/dip/object_data.go:26.135,32.26 3 0
devops.aishu.cn/AISHUDevOps/AnyRobot/_git/itops-alert-analysis/infra/dip/object_data.go:32.26,34.3 1 0
devops.aishu.cn/AISHUDevOps/AnyRobot/_git/itops-alert-analysis/infra/dip/object_data.go:34.8,36.3 1 0
devops.aishu.cn/AISHUDevOps/AnyRobot/_git/itops-alert-analysis/infra/dip/object_data.go:37.2,39.16 3 0
devops.aishu.cn/AISHUDevOps/AnyRobot/_git/itops-alert-analysis/infra/dip/object_data.go:39.16,41.3 1 0
devops.aishu.cn/AISHUDevOps/AnyRobot/_git/itops-alert-analysis/infra/dip/object_data.go:43.2,43.37 1 0
devops.aishu.cn/AISHUDevOps/AnyRobot/_git/itops-alert-analysis/infra/dip/object_data.go:43.37,45.3 1 0
devops.aishu.cn/AISHUDevOps/AnyRobot/_git/itops-alert-analysis/infra/dip/object_data.go:47.2,48.49 2 0
devops.aishu.cn/AISHUDevOps/AnyRobot/_git/itops-alert-analysis/infra/dip/object_data.go:48.49,50.3 1 0
devops.aishu.cn/AISHUDevOps/AnyRobot/_git/itops-alert-analysis/infra/dip/object_data.go:52.2,52.21 1 0
devops.aishu.cn/AISHUDevOps/AnyRobot/_git/itops-alert-analysis/infra/dip/object_data.go:56.108,60.6 3 0
devops.aishu.cn/AISHUDevOps/AnyRobot/_git/itops-alert-analysis/infra/dip/object_data.go:60.6,62.17 2 0
devops.aishu.cn/AISHUDevOps/AnyRobot/_git/itops-alert-analysis/infra/dip/object_data.go:62.17,64.4 1 0
devops.aishu.cn/AISHUDevOps/AnyRobot/_git/itops-alert-analysis/infra/dip/object_data.go:66.3,69.57 2 0
devops.aishu.cn/AISHUDevOps/AnyRobot/_git/itops-alert-analysis/infra/dip/object_data.go:69.57,70.9 1 0
devops.aishu.cn/AISHUDevOps/AnyRobot/_git/itops-alert-analysis/infra/dip/object_data.go:73.3,73.33 1 0
devops.aishu.cn/AISHUDevOps/AnyRobot/_git/itops-alert-analysis/infra/dip/object_data.go:76.2,76.21 1 0
devops.aishu.cn/AISHUDevOps/AnyRobot/_git/itops-alert-analysis/infra/dip/object_type.go:23.76,27.16 3 0
devops.aishu.cn/AISHUDevOps/AnyRobot/_git/itops-alert-analysis/infra/dip/object_type.go:27.16,29.3 1 0
devops.aishu.cn/AISHUDevOps/AnyRobot/_git/itops-alert-analysis/infra/dip/object_type.go:31.2,31.37 1 0
devops.aishu.cn/AISHUDevOps/AnyRobot/_git/itops-alert-analysis/infra/dip/object_type.go:31.37,33.3 1 0
devops.aishu.cn/AISHUDevOps/AnyRobot/_git/itops-alert-analysis/infra/dip/object_type.go:35.2,36.49 2 0
devops.aishu.cn/AISHUDevOps/AnyRobot/_git/itops-alert-analysis/infra/dip/object_type.go:36.49,38.3 1 0
devops.aishu.cn/AISHUDevOps/AnyRobot/_git/itops-alert-analysis/infra/dip/object_type.go:40.2,40.28 1 0
devops.aishu.cn/AISHUDevOps/AnyRobot/_git/itops-alert-analysis/infra/dip/recall_subgraph.go:38.92,39.25 1 0
devops.aishu.cn/AISHUDevOps/AnyRobot/_git/itops-alert-analysis/infra/dip/recall_subgraph.go:39.25,41.3 1 0
devops.aishu.cn/AISHUDevOps/AnyRobot/_git/itops-alert-analysis/infra/dip/recall_subgraph.go:43.2,44.37 2 0
devops.aishu.cn/AISHUDevOps/AnyRobot/_git/itops-alert-analysis/infra/dip/recall_subgraph.go:44.37,46.21 1 0
devops.aishu.cn/AISHUDevOps/AnyRobot/_git/itops-alert-analysis/infra/dip/recall_subgraph.go:46.21,47.12 1 0
devops.aishu.cn/AISHUDevOps/AnyRobot/_git/itops-alert-analysis/infra/dip/recall_subgraph.go:49.3,54.5 1 0
devops.aishu.cn/AISHUDevOps/AnyRobot/_git/itops-alert-analysis/infra/dip/recall_subgraph.go:56.2,56.22 1 0
devops.aishu.cn/AISHUDevOps/AnyRobot/_git/itops-alert-analysis/infra/dip/recall_subgraph.go:60.95,61.24 1 0
devops.aishu.cn/AISHUDevOps/AnyRobot/_git/itops-alert-analysis/infra/dip/recall_subgraph.go:61.24,63.3 1 0
devops.aishu.cn/AISHUDevOps/AnyRobot/_git/itops-alert-analysis/infra/dip/recall_subgraph.go:65.2,66.35 2 0
devops.aishu.cn/AISHUDevOps/AnyRobot/_git/itops-alert-analysis/infra/dip/recall_subgraph.go:66.35,68.19 1 0
devops.aishu.cn/AISHUDevOps/AnyRobot/_git/itops-alert-analysis/infra/dip/recall_subgraph.go:68.19,69.12 1 0
devops.aishu.cn/AISHUDevOps/AnyRobot/_git/itops-alert-analysis/infra/dip/recall_subgraph.go:71.3,75.5 1 0
devops.aishu.cn/AISHUDevOps/AnyRobot/_git/itops-alert-analysis/infra/dip/recall_subgraph.go:77.2,77.22 1 0
devops.aishu.cn/AISHUDevOps/AnyRobot/_git/itops-alert-analysis/infra/dip/recall_subgraph.go:81.165,96.2 2 0
devops.aishu.cn/AISHUDevOps/AnyRobot/_git/itops-alert-analysis/infra/dip/recall_subgraph.go:98.176,100.14 1 0
devops.aishu.cn/AISHUDevOps/AnyRobot/_git/itops-alert-analysis/infra/dip/recall_subgraph.go:100.14,102.3 1 0
devops.aishu.cn/AISHUDevOps/AnyRobot/_git/itops-alert-analysis/infra/dip/recall_subgraph.go:103.2,103.25 1 0
devops.aishu.cn/AISHUDevOps/AnyRobot/_git/itops-alert-analysis/infra/dip/recall_subgraph.go:103.25,105.3 1 0
devops.aishu.cn/AISHUDevOps/AnyRobot/_git/itops-alert-analysis/infra/dip/recall_subgraph.go:106.2,106.16 1 0
devops.aishu.cn/AISHUDevOps/AnyRobot/_git/itops-alert-analysis/infra/dip/recall_subgraph.go:106.16,108.3 1 0
devops.aishu.cn/AISHUDevOps/AnyRobot/_git/itops-alert-analysis/infra/dip/recall_subgraph.go:109.2,109.18 1 0
devops.aishu.cn/AISHUDevOps/AnyRobot/_git/itops-alert-analysis/infra/dip/recall_subgraph.go:109.18,111.3 1 0
devops.aishu.cn/AISHUDevOps/AnyRobot/_git/itops-alert-analysis/infra/dip/recall_subgraph.go:114.2,114.39 1 0
devops.aishu.cn/AISHUDevOps/AnyRobot/_git/itops-alert-analysis/infra/dip/recall_subgraph.go:114.39,116.3 1 0
devops.aishu.cn/AISHUDevOps/AnyRobot/_git/itops-alert-analysis/infra/dip/recall_subgraph.go:117.2,117.31 1 0
devops.aishu.cn/AISHUDevOps/AnyRobot/_git/itops-alert-analysis/infra/dip/recall_subgraph.go:117.31,119.3 1 0
devops.aishu.cn/AISHUDevOps/AnyRobot/_git/itops-alert-analysis/infra/dip/recall_subgraph.go:120.2,120.48 1 0
devops.aishu.cn/AISHUDevOps/AnyRobot/_git/itops-alert-analysis/infra/dip/recall_subgraph.go:120.48,122.3 1 0
devops.aishu.cn/AISHUDevOps/AnyRobot/_git/itops-alert-analysis/infra/dip/recall_subgraph.go:124.2,131.16 7 0
devops.aishu.cn/AISHUDevOps/AnyRobot/_git/itops-alert-analysis/infra/dip/recall_subgraph.go:131.16,133.3 1 0
devops.aishu.cn/AISHUDevOps/AnyRobot/_git/itops-alert-analysis/infra/dip/recall_subgraph.go:136.2,136.17 1 0
devops.aishu.cn/AISHUDevOps/AnyRobot/_git/itops-alert-analysis/infra/dip/recall_subgraph.go:136.17,138.3 1 0
devops.aishu.cn/AISHUDevOps/AnyRobot/_git/itops-alert-analysis/infra/dip/recall_subgraph.go:140.2,140.37 1 0
devops.aishu.cn/AISHUDevOps/AnyRobot/_git/itops-alert-analysis/infra/dip/recall_subgraph.go:140.37,142.3 1 0
devops.aishu.cn/AISHUDevOps/AnyRobot/_git/itops-alert-analysis/infra/dip/recall_subgraph.go:144.2,145.49 2 0
devops.aishu.cn/AISHUDevOps/AnyRobot/_git/itops-alert-analysis/infra/dip/recall_subgraph.go:145.49,147.3 1 0
devops.aishu.cn/AISHUDevOps/AnyRobot/_git/itops-alert-analysis/infra/dip/recall_subgraph.go:149.2,149.21 1 0
devops.aishu.cn/AISHUDevOps/AnyRobot/_git/itops-alert-analysis/infra/dip/recall_subgraph.go:152.179,154.14 1 0
devops.aishu.cn/AISHUDevOps/AnyRobot/_git/itops-alert-analysis/infra/dip/recall_subgraph.go:154.14,156.3 1 0
devops.aishu.cn/AISHUDevOps/AnyRobot/_git/itops-alert-analysis/infra/dip/recall_subgraph.go:157.2,157.16 1 0
devops.aishu.cn/AISHUDevOps/AnyRobot/_git/itops-alert-analysis/infra/dip/recall_subgraph.go:157.16,159.3 1 0
devops.aishu.cn/AISHUDevOps/AnyRobot/_git/itops-alert-analysis/infra/dip/recall_subgraph.go:160.2,160.29 1 0
devops.aishu.cn/AISHUDevOps/AnyRobot/_git/itops-alert-analysis/infra/dip/recall_subgraph.go:160.29,162.3 1 0
devops.aishu.cn/AISHUDevOps/AnyRobot/_git/itops-alert-analysis/infra/dip/recall_subgraph.go:164.2,164.31 1 0
devops.aishu.cn/AISHUDevOps/AnyRobot/_git/itops-alert-analysis/infra/dip/recall_subgraph.go:164.31,170.3 1 0
devops.aishu.cn/AISHUDevOps/AnyRobot/_git/itops-alert-analysis/infra/dip/recall_subgraph.go:173.2,174.29 2 0
devops.aishu.cn/AISHUDevOps/AnyRobot/_git/itops-alert-analysis/infra/dip/recall_subgraph.go:174.29,181.3 1 0
devops.aishu.cn/AISHUDevOps/AnyRobot/_git/itops-alert-analysis/infra/dip/recall_subgraph.go:184.2,187.88 2 0
devops.aishu.cn/AISHUDevOps/AnyRobot/_git/itops-alert-analysis/infra/dip/recall_subgraph.go:191.174,193.14 1 0
devops.aishu.cn/AISHUDevOps/AnyRobot/_git/itops-alert-analysis/infra/dip/recall_subgraph.go:193.14,195.3 1 0
devops.aishu.cn/AISHUDevOps/AnyRobot/_git/itops-alert-analysis/infra/dip/recall_subgraph.go:196.2,196.16 1 0
devops.aishu.cn/AISHUDevOps/AnyRobot/_git/itops-alert-analysis/infra/dip/recall_subgraph.go:196.16,198.3 1 0
devops.aishu.cn/AISHUDevOps/AnyRobot/_git/itops-alert-analysis/infra/dip/recall_subgraph.go:199.2,199.29 1 0
devops.aishu.cn/AISHUDevOps/AnyRobot/_git/itops-alert-analysis/infra/dip/recall_subgraph.go:199.29,201.3 1 0
devops.aishu.cn/AISHUDevOps/AnyRobot/_git/itops-alert-analysis/infra/dip/recall_subgraph.go:203.2,203.31 1 0
devops.aishu.cn/AISHUDevOps/AnyRobot/_git/itops-alert-analysis/infra/dip/recall_subgraph.go:203.31,209.3 1 0
devops.aishu.cn/AISHUDevOps/AnyRobot/_git/itops-alert-analysis/infra/dip/recall_subgraph.go:212.2,213.29 2 0
devops.aishu.cn/AISHUDevOps/AnyRobot/_git/itops-alert-analysis/infra/dip/recall_subgraph.go:213.29,220.3 1 0
devops.aishu.cn/AISHUDevOps/AnyRobot/_git/itops-alert-analysis/infra/dip/recall_subgraph.go:223.2,226.95 2 0
devops.aishu.cn/AISHUDevOps/AnyRobot/_git/itops-alert-analysis/infra/dip/recall_subgraph.go:230.166,232.14 1 0
devops.aishu.cn/AISHUDevOps/AnyRobot/_git/itops-alert-analysis/infra/dip/recall_subgraph.go:232.14,234.3 1 0
devops.aishu.cn/AISHUDevOps/AnyRobot/_git/itops-alert-analysis/infra/dip/recall_subgraph.go:235.2,235.16 1 0
devops.aishu.cn/AISHUDevOps/AnyRobot/_git/itops-alert-analysis/infra/dip/recall_subgraph.go:235.16,237.3 1 0
devops.aishu.cn/AISHUDevOps/AnyRobot/_git/itops-alert-analysis/infra/dip/recall_subgraph.go:238.2,238.25 1 0
devops.aishu.cn/AISHUDevOps/AnyRobot/_git/itops-alert-analysis/infra/dip/recall_subgraph.go:238.25,240.3 1 0
devops.aishu.cn/AISHUDevOps/AnyRobot/_git/itops-alert-analysis/infra/dip/recall_subgraph.go:242.2,242.25 1 0
devops.aishu.cn/AISHUDevOps/AnyRobot/_git/itops-alert-analysis/infra/dip/recall_subgraph.go:242.25,248.3 1 0
devops.aishu.cn/AISHUDevOps/AnyRobot/_git/itops-alert-analysis/infra/dip/recall_subgraph.go:251.2,252.29 2 0
devops.aishu.cn/AISHUDevOps/AnyRobot/_git/itops-alert-analysis/infra/dip/recall_subgraph.go:252.29,259.3 1 0
devops.aishu.cn/AISHUDevOps/AnyRobot/_git/itops-alert-analysis/infra/dip/recall_subgraph.go:262.2,265.95 2 0
devops.aishu.cn/AISHUDevOps/AnyRobot/_git/itops-alert-analysis/infra/dip/recall_subgraph.go:270.93,271.25 1 0
devops.aishu.cn/AISHUDevOps/AnyRobot/_git/itops-alert-analysis/infra/dip/recall_subgraph.go:271.25,273.3 1 0
devops.aishu.cn/AISHUDevOps/AnyRobot/_git/itops-alert-analysis/infra/dip/recall_subgraph.go:275.2,276.37 2 0
devops.aishu.cn/AISHUDevOps/AnyRobot/_git/itops-alert-analysis/infra/dip/recall_subgraph.go:276.37,278.21 1 0
devops.aishu.cn/AISHUDevOps/AnyRobot/_git/itops-alert-analysis/infra/dip/recall_subgraph.go:278.21,279.12 1 0
devops.aishu.cn/AISHUDevOps/AnyRobot/_git/itops-alert-analysis/infra/dip/recall_subgraph.go:281.3,285.5 1 0
devops.aishu.cn/AISHUDevOps/AnyRobot/_git/itops-alert-analysis/infra/dip/recall_subgraph.go:287.2,287.22 1 0
devops.aishu.cn/AISHUDevOps/AnyRobot/_git/itops-alert-analysis/infra/dip/recall_subgraph.go:291.121,301.2 1 0
devops.aishu.cn/AISHUDevOps/AnyRobot/_git/itops-alert-analysis/infra/dip/recall_subgraph.go:304.208,306.14 1 0
devops.aishu.cn/AISHUDevOps/AnyRobot/_git/itops-alert-analysis/infra/dip/recall_subgraph.go:306.14,308.3 1 0
devops.aishu.cn/AISHUDevOps/AnyRobot/_git/itops-alert-analysis/infra/dip/recall_subgraph.go:309.2,309.16 1 0
devops.aishu.cn/AISHUDevOps/AnyRobot/_git/itops-alert-analysis/infra/dip/recall_subgraph.go:309.16,311.3 1 0
devops.aishu.cn/AISHUDevOps/AnyRobot/_git/itops-alert-analysis/infra/dip/recall_subgraph.go:312.2,312.18 1 0
devops.aishu.cn/AISHUDevOps/AnyRobot/_git/itops-alert-analysis/infra/dip/recall_subgraph.go:312.18,314.3 1 0
devops.aishu.cn/AISHUDevOps/AnyRobot/_git/itops-alert-analysis/infra/dip/recall_subgraph.go:317.2,317.31 1 0
devops.aishu.cn/AISHUDevOps/AnyRobot/_git/itops-alert-analysis/infra/dip/recall_subgraph.go:317.31,319.3 1 0
devops.aishu.cn/AISHUDevOps/AnyRobot/_git/itops-alert-analysis/infra/dip/recall_subgraph.go:320.2,320.48 1 0
devops.aishu.cn/AISHUDevOps/AnyRobot/_git/itops-alert-analysis/infra/dip/recall_subgraph.go:320.48,322.3 1 0
devops.aishu.cn/AISHUDevOps/AnyRobot/_git/itops-alert-analysis/infra/dip/recall_subgraph.go:324.2,331.16 7 0
devops.aishu.cn/AISHUDevOps/AnyRobot/_git/itops-alert-analysis/infra/dip/recall_subgraph.go:331.16,333.3 1 0
devops.aishu.cn/AISHUDevOps/AnyRobot/_git/itops-alert-analysis/infra/dip/recall_subgraph.go:335.2,335.37 1 0
devops.aishu.cn/AISHUDevOps/AnyRobot/_git/itops-alert-analysis/infra/dip/recall_subgraph.go:335.37,337.3 1 0
devops.aishu.cn/AISHUDevOps/AnyRobot/_git/itops-alert-analysis/infra/dip/recall_subgraph.go:338.2,339.49 2 0
devops.aishu.cn/AISHUDevOps/AnyRobot/_git/itops-alert-analysis/infra/dip/recall_subgraph.go:339.49,341.3 1 0
devops.aishu.cn/AISHUDevOps/AnyRobot/_git/itops-alert-analysis/infra/dip/recall_subgraph.go:343.2,343.21 1 0
devops.aishu.cn/AISHUDevOps/AnyRobot/_git/itops-alert-analysis/infra/dip/recall_subgraph.go:347.170,349.14 1 0
devops.aishu.cn/AISHUDevOps/AnyRobot/_git/itops-alert-analysis/infra/dip/recall_subgraph.go:349.14,351.3 1 0
devops.aishu.cn/AISHUDevOps/AnyRobot/_git/itops-alert-analysis/infra/dip/recall_subgraph.go:352.2,352.16 1 0
devops.aishu.cn/AISHUDevOps/AnyRobot/_git/itops-alert-analysis/infra/dip/recall_subgraph.go:352.16,354.3 1 0
devops.aishu.cn/AISHUDevOps/AnyRobot/_git/itops-alert-analysis/infra/dip/recall_subgraph.go:355.2,355.29 1 0
devops.aishu.cn/AISHUDevOps/AnyRobot/_git/itops-alert-analysis/infra/dip/recall_subgraph.go:355.29,357.3 1 0
devops.aishu.cn/AISHUDevOps/AnyRobot/_git/itops-alert-analysis/infra/dip/recall_subgraph.go:358.2,358.31 1 0
devops.aishu.cn/AISHUDevOps/AnyRobot/_git/itops-alert-analysis/infra/dip/recall_subgraph.go:358.31,365.3 1 0
devops.aishu.cn/AISHUDevOps/AnyRobot/_git/itops-alert-analysis/infra/dip/recall_subgraph.go:368.2,369.29 2 0
devops.aishu.cn/AISHUDevOps/AnyRobot/_git/itops-alert-analysis/infra/dip/recall_subgraph.go:369.29,377.3 1 0
devops.aishu.cn/AISHUDevOps/AnyRobot/_git/itops-alert-analysis/infra/dip/recall_subgraph.go:380.2,383.110 2 0
devops.aishu.cn/AISHUDevOps/AnyRobot/_git/itops-alert-analysis/infra/dip/spatial_checker.go:17.56,21.2 1 0
devops.aishu.cn/AISHUDevOps/AnyRobot/_git/itops-alert-analysis/infra/dip/spatial_checker.go:28.29,29.21 1 0
devops.aishu.cn/AISHUDevOps/AnyRobot/_git/itops-alert-analysis/infra/dip/spatial_checker.go:29.21,31.3 1 0
devops.aishu.cn/AISHUDevOps/AnyRobot/_git/itops-alert-analysis/infra/dip/spatial_checker.go:33.2,33.24 1 0
devops.aishu.cn/AISHUDevOps/AnyRobot/_git/itops-alert-analysis/infra/dip/spatial_checker.go:33.24,35.3 1 0
devops.aishu.cn/AISHUDevOps/AnyRobot/_git/itops-alert-analysis/infra/dip/spatial_checker.go:38.2,38.33 1 0
devops.aishu.cn/AISHUDevOps/AnyRobot/_git/itops-alert-analysis/infra/dip/spatial_checker.go:38.33,41.3 2 0
devops.aishu.cn/AISHUDevOps/AnyRobot/_git/itops-alert-analysis/infra/dip/spatial_checker.go:44.2,56.16 3 0
devops.aishu.cn/AISHUDevOps/AnyRobot/_git/itops-alert-analysis/infra/dip/spatial_checker.go:56.16,58.3 1 0
devops.aishu.cn/AISHUDevOps/AnyRobot/_git/itops-alert-analysis/infra/dip/spatial_checker.go:61.2,62.43 2 0
devops.aishu.cn/AISHUDevOps/AnyRobot/_git/itops-alert-analysis/infra/dip/spatial_checker.go:62.43,63.35 1 0
devops.aishu.cn/AISHUDevOps/AnyRobot/_git/itops-alert-analysis/infra/dip/spatial_checker.go:63.35,64.12 1 0
devops.aishu.cn/AISHUDevOps/AnyRobot/_git/itops-alert-analysis/infra/dip/spatial_checker.go:66.3,66.52 1 0
devops.aishu.cn/AISHUDevOps/AnyRobot/_git/itops-alert-analysis/infra/dip/spatial_checker.go:69.2,73.35 3 0
devops.aishu.cn/AISHUDevOps/AnyRobot/_git/itops-alert-analysis/infra/dip/spatial_checker.go:73.35,76.54 2 0
devops.aishu.cn/AISHUDevOps/AnyRobot/_git/itops-alert-analysis/infra/dip/spatial_checker.go:76.54,77.55 1 0
devops.aishu.cn/AISHUDevOps/AnyRobot/_git/itops-alert-analysis/infra/dip/spatial_checker.go:77.55,80.10 3 0
devops.aishu.cn/AISHUDevOps/AnyRobot/_git/itops-alert-analysis/infra/dip/spatial_checker.go:83.3,83.19 1 0
devops.aishu.cn/AISHUDevOps/AnyRobot/_git/itops-alert-analysis/infra/dip/spatial_checker.go:83.19,85.4 1 0
devops.aishu.cn/AISHUDevOps/AnyRobot/_git/itops-alert-analysis/infra/dip/spatial_checker.go:88.2,89.32 2 0
devops.aishu.cn/AISHUDevOps/AnyRobot/_git/itops-alert-analysis/infra/dip/subgraph.go:44.106,51.16 3 0
devops.aishu.cn/AISHUDevOps/AnyRobot/_git/itops-alert-analysis/infra/dip/subgraph.go:51.16,53.3 1 0
devops.aishu.cn/AISHUDevOps/AnyRobot/_git/itops-alert-analysis/infra/dip/subgraph.go:55.2,55.37 1 0
devops.aishu.cn/AISHUDevOps/AnyRobot/_git/itops-alert-analysis/infra/dip/subgraph.go:55.37,57.3 1 0
devops.aishu.cn/AISHUDevOps/AnyRobot/_git/itops-alert-analysis/infra/dip/subgraph.go:59.2,59.49 1 0
devops.aishu.cn/AISHUDevOps/AnyRobot/_git/itops-alert-analysis/infra/dip/subgraph.go:59.49,61.3 1 0
devops.aishu.cn/AISHUDevOps/AnyRobot/_git/itops-alert-analysis/infra/dip/subgraph.go:63.2,63.21 1 0
devops.aishu.cn/AISHUDevOps/AnyRobot/_git/itops-alert-analysis/infra/dip/summary_agent.go:22.74,23.16 1 0
devops.aishu.cn/AISHUDevOps/AnyRobot/_git/itops-alert-analysis/infra/dip/summary_agent.go:23.16,25.3 1 0
devops.aishu.cn/AISHUDevOps/AnyRobot/_git/itops-alert-analysis/infra/dip/summary_agent.go:27.2,32.24 4 0
devops.aishu.cn/AISHUDevOps/AnyRobot/_git/itops-alert-analysis/infra/dip/summary_agent.go:32.24,34.3 1 0
devops.aishu.cn/AISHUDevOps/AnyRobot/_git/itops-alert-analysis/infra/dip/summary_agent.go:37.2,39.24 3 0
devops.aishu.cn/AISHUDevOps/AnyRobot/_git/itops-alert-analysis/infra/dip/summary_agent.go:39.24,41.3 1 0
devops.aishu.cn/AISHUDevOps/AnyRobot/_git/itops-alert-analysis/infra/dip/summary_agent.go:44.2,46.26 3 0
devops.aishu.cn/AISHUDevOps/AnyRobot/_git/itops-alert-analysis/infra/dip/summary_agent.go:46.26,48.3 1 0
devops.aishu.cn/AISHUDevOps/AnyRobot/_git/itops-alert-analysis/infra/dip/summary_agent.go:51.2,51.68 1 0
devops.aishu.cn/AISHUDevOps/AnyRobot/_git/itops-alert-analysis/infra/dip/summary_agent.go:51.68,53.3 1 0
devops.aishu.cn/AISHUDevOps/AnyRobot/_git/itops-alert-analysis/infra/dip/summary_agent.go:55.2,55.18 1 0
devops.aishu.cn/AISHUDevOps/AnyRobot/_git/itops-alert-analysis/infra/dip/summary_agent.go:63.162,65.14 1 0
devops.aishu.cn/AISHUDevOps/AnyRobot/_git/itops-alert-analysis/infra/dip/summary_agent.go:65.14,67.3 1 0
devops.aishu.cn/AISHUDevOps/AnyRobot/_git/itops-alert-analysis/infra/dip/summary_agent.go:68.2,68.25 1 0
devops.aishu.cn/AISHUDevOps/AnyRobot/_git/itops-alert-analysis/infra/dip/summary_agent.go:68.25,70.3 1 0
devops.aishu.cn/AISHUDevOps/AnyRobot/_git/itops-alert-analysis/infra/dip/summary_agent.go:71.2,71.16 1 0
devops.aishu.cn/AISHUDevOps/AnyRobot/_git/itops-alert-analysis/infra/dip/summary_agent.go:71.16,73.3 1 0
devops.aishu.cn/AISHUDevOps/AnyRobot/_git/itops-alert-analysis/infra/dip/summary_agent.go:74.2,74.31 1 0
devops.aishu.cn/AISHUDevOps/AnyRobot/_git/itops-alert-analysis/infra/dip/summary_agent.go:74.31,76.3 1 0
devops.aishu.cn/AISHUDevOps/AnyRobot/_git/itops-alert-analysis/infra/dip/summary_agent.go:77.2,77.34 1 0
devops.aishu.cn/AISHUDevOps/AnyRobot/_git/itops-alert-analysis/infra/dip/summary_agent.go:77.34,79.3 1 0
devops.aishu.cn/AISHUDevOps/AnyRobot/_git/itops-alert-analysis/infra/dip/summary_agent.go:81.2,99.16 6 0
devops.aishu.cn/AISHUDevOps/AnyRobot/_git/itops-alert-analysis/infra/dip/summary_agent.go:99.16,101.3 1 0
devops.aishu.cn/AISHUDevOps/AnyRobot/_git/itops-alert-analysis/infra/dip/summary_agent.go:104.2,104.17 1 0
devops.aishu.cn/AISHUDevOps/AnyRobot/_git/itops-alert-analysis/infra/dip/summary_agent.go:104.17,106.3 1 0
devops.aishu.cn/AISHUDevOps/AnyRobot/_git/itops-alert-analysis/infra/dip/summary_agent.go:109.2,109.37 1 0
devops.aishu.cn/AISHUDevOps/AnyRobot/_git/itops-alert-analysis/infra/dip/summary_agent.go:109.37,111.3 1 0
devops.aishu.cn/AISHUDevOps/AnyRobot/_git/itops-alert-analysis/infra/dip/summary_agent.go:114.2,115.52 2 0
devops.aishu.cn/AISHUDevOps/AnyRobot/_git/itops-alert-analysis/infra/dip/summary_agent.go:115.52,117.3 1 0
devops.aishu.cn/AISHUDevOps/AnyRobot/_git/itops-alert-analysis/infra/dip/summary_agent.go:119.2,120.16 2 0
devops.aishu.cn/AISHUDevOps/AnyRobot/_git/itops-alert-analysis/infra/dip/summary_agent.go:120.16,122.3 1 0
devops.aishu.cn/AISHUDevOps/AnyRobot/_git/itops-alert-analysis/infra/dip/summary_agent.go:125.2,126.66 2 0
devops.aishu.cn/AISHUDevOps/AnyRobot/_git/itops-alert-analysis/infra/dip/summary_agent.go:126.66,129.22 2 0
devops.aishu.cn/AISHUDevOps/AnyRobot/_git/itops-alert-analysis/infra/dip/summary_agent.go:129.22,131.4 1 0
devops.aishu.cn/AISHUDevOps/AnyRobot/_git/itops-alert-analysis/infra/dip/summary_agent.go:133.3,133.87 1 0
devops.aishu.cn/AISHUDevOps/AnyRobot/_git/itops-alert-analysis/infra/dip/summary_agent.go:133.87,135.4 1 0
devops.aishu.cn/AISHUDevOps/AnyRobot/_git/itops-alert-analysis/infra/dip/summary_agent.go:136.3,139.21 2 0
devops.aishu.cn/AISHUDevOps/AnyRobot/_git/itops-alert-analysis/infra/dip/summary_agent.go:143.2,143.110 1 0
devops.aishu.cn/AISHUDevOps/AnyRobot/_git/itops-alert-analysis/infra/dip/summary_agent.go:143.110,146.108 2 0
devops.aishu.cn/AISHUDevOps/AnyRobot/_git/itops-alert-analysis/infra/dip/summary_agent.go:146.108,151.4 2 0
devops.aishu.cn/AISHUDevOps/AnyRobot/_git/itops-alert-analysis/infra/dip/summary_agent.go:152.3,152.134 1 0
devops.aishu.cn/AISHUDevOps/AnyRobot/_git/itops-alert-analysis/infra/dip/summary_agent.go:155.2,158.107 2 0
devops.aishu.cn/AISHUDevOps/AnyRobot/_git/itops-alert-analysis/infra/dip/summary_agent.go:158.107,160.3 1 0
devops.aishu.cn/AISHUDevOps/AnyRobot/_git/itops-alert-analysis/infra/dip/summary_agent.go:162.2,162.20 1 0
devops.aishu.cn/AISHUDevOps/AnyRobot/_git/itops-alert-analysis/config/config.go:105.41,107.16 2 0
devops.aishu.cn/AISHUDevOps/AnyRobot/_git/itops-alert-analysis/config/config.go:107.16,109.3 1 0
devops.aishu.cn/AISHUDevOps/AnyRobot/_git/itops-alert-analysis/config/config.go:111.2,112.51 2 0
devops.aishu.cn/AISHUDevOps/AnyRobot/_git/itops-alert-analysis/config/config.go:112.51,114.3 1 0
devops.aishu.cn/AISHUDevOps/AnyRobot/_git/itops-alert-analysis/config/config.go:115.2,115.18 1 0
devops.aishu.cn/AISHUDevOps/AnyRobot/_git/itops-alert-analysis/infra/cache/redis.go:34.52,37.56 2 0
devops.aishu.cn/AISHUDevOps/AnyRobot/_git/itops-alert-analysis/infra/cache/redis.go:37.56,39.3 1 0
devops.aishu.cn/AISHUDevOps/AnyRobot/_git/itops-alert-analysis/infra/cache/redis.go:39.8,41.3 1 0
devops.aishu.cn/AISHUDevOps/AnyRobot/_git/itops-alert-analysis/infra/cache/redis.go:43.2,46.47 3 0
devops.aishu.cn/AISHUDevOps/AnyRobot/_git/itops-alert-analysis/infra/cache/redis.go:46.47,49.3 2 0
devops.aishu.cn/AISHUDevOps/AnyRobot/_git/itops-alert-analysis/infra/cache/redis.go:51.2,51.41 1 0
devops.aishu.cn/AISHUDevOps/AnyRobot/_git/itops-alert-analysis/infra/cache/redis.go:55.63,77.2 1 0
devops.aishu.cn/AISHUDevOps/AnyRobot/_git/itops-alert-analysis/infra/cache/redis.go:80.57,97.2 1 0
devops.aishu.cn/AISHUDevOps/AnyRobot/_git/itops-alert-analysis/infra/cache/redis.go:100.75,102.22 2 0
devops.aishu.cn/AISHUDevOps/AnyRobot/_git/itops-alert-analysis/infra/cache/redis.go:102.22,104.3 1 0
devops.aishu.cn/AISHUDevOps/AnyRobot/_git/itops-alert-analysis/infra/cache/redis.go:105.2,105.16 1 0
devops.aishu.cn/AISHUDevOps/AnyRobot/_git/itops-alert-analysis/infra/cache/redis.go:105.16,107.3 1 0
devops.aishu.cn/AISHUDevOps/AnyRobot/_git/itops-alert-analysis/infra/cache/redis.go:108.2,108.19 1 0
devops.aishu.cn/AISHUDevOps/AnyRobot/_git/itops-alert-analysis/infra/cache/redis.go:112.105,114.16 2 0
devops.aishu.cn/AISHUDevOps/AnyRobot/_git/itops-alert-analysis/infra/cache/redis.go:114.16,116.3 1 0
devops.aishu.cn/AISHUDevOps/AnyRobot/_git/itops-alert-analysis/infra/cache/redis.go:117.2,117.12 1 0
devops.aishu.cn/AISHUDevOps/AnyRobot/_git/itops-alert-analysis/infra/cache/redis.go:121.69,122.20 1 0
devops.aishu.cn/AISHUDevOps/AnyRobot/_git/itops-alert-analysis/infra/cache/redis.go:122.20,124.3 1 0
devops.aishu.cn/AISHUDevOps/AnyRobot/_git/itops-alert-analysis/infra/cache/redis.go:126.2,127.16 2 0
devops.aishu.cn/AISHUDevOps/AnyRobot/_git/itops-alert-analysis/infra/cache/redis.go:127.16,129.3 1 0
devops.aishu.cn/AISHUDevOps/AnyRobot/_git/itops-alert-analysis/infra/cache/redis.go:130.2,130.12 1 0
devops.aishu.cn/AISHUDevOps/AnyRobot/_git/itops-alert-analysis/infra/cache/redis.go:134.76,136.16 2 0
devops.aishu.cn/AISHUDevOps/AnyRobot/_git/itops-alert-analysis/infra/cache/redis.go:136.16,138.3 1 0
devops.aishu.cn/AISHUDevOps/AnyRobot/_git/itops-alert-analysis/infra/cache/redis.go:139.2,139.19 1 0
devops.aishu.cn/AISHUDevOps/AnyRobot/_git/itops-alert-analysis/infra/cache/redis.go:143.36,145.2 1 0
devops.aishu.cn/AISHUDevOps/AnyRobot/_git/itops-alert-analysis/app/app.go:29.44,37.16 2 0
devops.aishu.cn/AISHUDevOps/AnyRobot/_git/itops-alert-analysis/app/app.go:37.16,39.3 1 0
devops.aishu.cn/AISHUDevOps/AnyRobot/_git/itops-alert-analysis/app/app.go:41.2,55.16 4 0
devops.aishu.cn/AISHUDevOps/AnyRobot/_git/itops-alert-analysis/app/app.go:55.16,57.3 1 0
devops.aishu.cn/AISHUDevOps/AnyRobot/_git/itops-alert-analysis/app/app.go:59.2,60.16 2 0
devops.aishu.cn/AISHUDevOps/AnyRobot/_git/itops-alert-analysis/app/app.go:60.16,62.3 1 0
devops.aishu.cn/AISHUDevOps/AnyRobot/_git/itops-alert-analysis/app/app.go:64.2,71.16 2 0
devops.aishu.cn/AISHUDevOps/AnyRobot/_git/itops-alert-analysis/app/app.go:71.16,73.3 1 0
devops.aishu.cn/AISHUDevOps/AnyRobot/_git/itops-alert-analysis/app/app.go:75.2,79.8 1 0
devops.aishu.cn/AISHUDevOps/AnyRobot/_git/itops-alert-analysis/app/app.go:82.48,83.16 1 0
devops.aishu.cn/AISHUDevOps/AnyRobot/_git/itops-alert-analysis/app/app.go:83.16,85.3 1 0
devops.aishu.cn/AISHUDevOps/AnyRobot/_git/itops-alert-analysis/app/app.go:87.2,89.26 2 0
devops.aishu.cn/AISHUDevOps/AnyRobot/_git/itops-alert-analysis/app/app.go:89.26,90.22 1 0
devops.aishu.cn/AISHUDevOps/AnyRobot/_git/itops-alert-analysis/app/app.go:90.22,91.90 1 0
devops.aishu.cn/AISHUDevOps/AnyRobot/_git/itops-alert-analysis/app/app.go:91.90,93.5 1 0
devops.aishu.cn/AISHUDevOps/AnyRobot/_git/itops-alert-analysis/app/app.go:94.4,94.14 1 0
devops.aishu.cn/AISHUDevOps/AnyRobot/_git/itops-alert-analysis/app/app.go:98.2,98.18 1 0
devops.aishu.cn/AISHUDevOps/AnyRobot/_git/itops-alert-analysis/app/app.go:98.18,99.22 1 0
devops.aishu.cn/AISHUDevOps/AnyRobot/_git/itops-alert-analysis/app/app.go:99.22,100.82 1 0
devops.aishu.cn/AISHUDevOps/AnyRobot/_git/itops-alert-analysis/app/app.go:100.82,102.5 1 0
devops.aishu.cn/AISHUDevOps/AnyRobot/_git/itops-alert-analysis/app/app.go:103.4,103.14 1 0
devops.aishu.cn/AISHUDevOps/AnyRobot/_git/itops-alert-analysis/app/app.go:107.2,107.18 1 0
devops.aishu.cn/AISHUDevOps/AnyRobot/_git/itops-alert-analysis/app/app.go:107.18,108.22 1 0
devops.aishu.cn/AISHUDevOps/AnyRobot/_git/itops-alert-analysis/app/app.go:108.22,109.82 1 0
devops.aishu.cn/AISHUDevOps/AnyRobot/_git/itops-alert-analysis/app/app.go:109.82,111.5 1 0
devops.aishu.cn/AISHUDevOps/AnyRobot/_git/itops-alert-analysis/app/app.go:112.4,112.14 1 0
devops.aishu.cn/AISHUDevOps/AnyRobot/_git/itops-alert-analysis/app/app.go:116.2,117.18 2 0
devops.aishu.cn/AISHUDevOps/AnyRobot/_git/itops-alert-analysis/app/app.go:121.48,124.18 2 0
devops.aishu.cn/AISHUDevOps/AnyRobot/_git/itops-alert-analysis/app/app.go:124.18,125.78 1 0
devops.aishu.cn/AISHUDevOps/AnyRobot/_git/itops-alert-analysis/app/app.go:125.78,127.4 1 0
devops.aishu.cn/AISHUDevOps/AnyRobot/_git/itops-alert-analysis/app/app.go:129.2,129.26 1 0
devops.aishu.cn/AISHUDevOps/AnyRobot/_git/itops-alert-analysis/app/app.go:129.26,130.47 1 0
devops.aishu.cn/AISHUDevOps/AnyRobot/_git/itops-alert-analysis/app/app.go:130.47,132.4 1 0
devops.aishu.cn/AISHUDevOps/AnyRobot/_git/itops-alert-analysis/app/app.go:135.2,135.18 1 0
devops.aishu.cn/AISHUDevOps/AnyRobot/_git/itops-alert-analysis/app/app.go:135.18,136.39 1 0
devops.aishu.cn/AISHUDevOps/AnyRobot/_git/itops-alert-analysis/app/app.go:136.39,138.4 1 0
devops.aishu.cn/AISHUDevOps/AnyRobot/_git/itops-alert-analysis/app/app.go:141.2,141.29 1 0
devops.aishu.cn/AISHUDevOps/AnyRobot/_git/itops-alert-analysis/infra/http/client.go:33.36,34.22 1 0
devops.aishu.cn/AISHUDevOps/AnyRobot/_git/itops-alert-analysis/infra/http/client.go:34.22,36.3 1 0
devops.aishu.cn/AISHUDevOps/AnyRobot/_git/itops-alert-analysis/infra/http/client.go:37.2,38.28 2 0
devops.aishu.cn/AISHUDevOps/AnyRobot/_git/itops-alert-analysis/infra/http/client.go:38.28,42.3 1 0
devops.aishu.cn/AISHUDevOps/AnyRobot/_git/itops-alert-analysis/infra/http/client.go:44.2,52.3 1 0
devops.aishu.cn/AISHUDevOps/AnyRobot/_git/itops-alert-analysis/infra/http/client.go:55.54,58.2 2 0
devops.aishu.cn/AISHUDevOps/AnyRobot/_git/itops-alert-analysis/infra/http/client.go:76.74,83.21 4 0
devops.aishu.cn/AISHUDevOps/AnyRobot/_git/itops-alert-analysis/infra/http/client.go:83.21,86.17 3 0
devops.aishu.cn/AISHUDevOps/AnyRobot/_git/itops-alert-analysis/infra/http/client.go:86.17,88.4 1 0
devops.aishu.cn/AISHUDevOps/AnyRobot/_git/itops-alert-analysis/infra/http/client.go:89.3,89.49 1 0
devops.aishu.cn/AISHUDevOps/AnyRobot/_git/itops-alert-analysis/infra/http/client.go:93.2,95.30 3 0
devops.aishu.cn/AISHUDevOps/AnyRobot/_git/itops-alert-analysis/infra/http/client.go:95.30,96.22 1 0
devops.aishu.cn/AISHUDevOps/AnyRobot/_git/itops-alert-analysis/infra/http/client.go:96.22,98.4 1 0
devops.aishu.cn/AISHUDevOps/AnyRobot/_git/itops-alert-analysis/infra/http/client.go:100.3,107.4 1 0
devops.aishu.cn/AISHUDevOps/AnyRobot/_git/itops-alert-analysis/infra/http/client.go:111.2,112.16 2 0
devops.aishu.cn/AISHUDevOps/AnyRobot/_git/itops-alert-analysis/infra/http/client.go:112.16,114.3 1 0
devops.aishu.cn/AISHUDevOps/AnyRobot/_git/itops-alert-analysis/infra/http/client.go:117.2,117.36 1 0
devops.aishu.cn/AISHUDevOps/AnyRobot/_git/itops-alert-analysis/infra/http/client.go:117.36,119.3 1 0
devops.aishu.cn/AISHUDevOps/AnyRobot/_git/itops-alert-analysis/infra/http/client.go:122.2,122.38 1 0
devops.aishu.cn/AISHUDevOps/AnyRobot/_git/itops-alert-analysis/infra/http/client.go:122.38,124.3 1 0
devops.aishu.cn/AISHUDevOps/AnyRobot/_git/itops-alert-analysis/infra/http/client.go:127.2,127.21 1 0
devops.aishu.cn/AISHUDevOps/AnyRobot/_git/itops-alert-analysis/infra/http/client.go:127.21,129.3 1 0
devops.aishu.cn/AISHUDevOps/AnyRobot/_git/itops-alert-analysis/infra/http/client.go:132.2,133.16 2 0
devops.aishu.cn/AISHUDevOps/AnyRobot/_git/itops-alert-analysis/infra/http/client.go:133.16,135.3 1 0
devops.aishu.cn/AISHUDevOps/AnyRobot/_git/itops-alert-analysis/infra/http/client.go:136.2,136.15 1 0
devops.aishu.cn/AISHUDevOps/AnyRobot/_git/itops-alert-analysis/infra/http/client.go:136.15,138.3 1 0
devops.aishu.cn/AISHUDevOps/AnyRobot/_git/itops-alert-analysis/infra/http/client.go:141.2,142.16 2 0
devops.aishu.cn/AISHUDevOps/AnyRobot/_git/itops-alert-analysis/infra/http/client.go:142.16,144.3 1 0
devops.aishu.cn/AISHUDevOps/AnyRobot/_git/itops-alert-analysis/infra/http/client.go:145.2,151.8 2 0
devops.aishu.cn/AISHUDevOps/AnyRobot/_git/itops-alert-analysis/infra/http/client.go:155.102,161.2 1 0
devops.aishu.cn/AISHUDevOps/AnyRobot/_git/itops-alert-analysis/infra/http/client.go:164.121,171.2 1 0
devops.aishu.cn/AISHUDevOps/AnyRobot/_git/itops-alert-analysis/infra/http/client.go:174.120,181.2 1 0
devops.aishu.cn/AISHUDevOps/AnyRobot/_git/itops-alert-analysis/infra/http/client.go:184.105,190.2 1 0
devops.aishu.cn/AISHUDevOps/AnyRobot/_git/itops-alert-analysis/infra/http/client.go:193.52,194.50 1 0
devops.aishu.cn/AISHUDevOps/AnyRobot/_git/itops-alert-analysis/infra/http/client.go:194.50,196.3 1 0
devops.aishu.cn/AISHUDevOps/AnyRobot/_git/itops-alert-analysis/infra/http/client.go:197.2,197.12 1 0
devops.aishu.cn/AISHUDevOps/AnyRobot/_git/itops-alert-analysis/infra/http/client.go:201.37,203.2 1 0
devops.aishu.cn/AISHUDevOps/AnyRobot/_git/itops-alert-analysis/infra/http/client.go:206.34,207.19 1 0
devops.aishu.cn/AISHUDevOps/AnyRobot/_git/itops-alert-analysis/infra/http/client.go:207.19,209.3 1 0
devops.aishu.cn/AISHUDevOps/AnyRobot/_git/itops-alert-analysis/infra/http/client.go:210.2,210.96 1 0
devops.aishu.cn/AISHUDevOps/AnyRobot/_git/itops-alert-analysis/infra/http/client.go:214.47,215.22 1 0
devops.aishu.cn/AISHUDevOps/AnyRobot/_git/itops-alert-analysis/infra/http/client.go:215.22,217.3 1 0
devops.aishu.cn/AISHUDevOps/AnyRobot/_git/itops-alert-analysis/infra/http/client.go:218.2,218.24 1 0
devops.aishu.cn/AISHUDevOps/AnyRobot/_git/itops-alert-analysis/infra/http/client.go:222.56,223.22 1 0
devops.aishu.cn/AISHUDevOps/AnyRobot/_git/itops-alert-analysis/infra/http/client.go:223.22,225.3 1 0
devops.aishu.cn/AISHUDevOps/AnyRobot/_git/itops-alert-analysis/infra/http/client.go:226.2,226.34 1 0
devops.aishu.cn/AISHUDevOps/AnyRobot/_git/itops-alert-analysis/infra/http/client.go:226.34,228.3 1 0
devops.aishu.cn/AISHUDevOps/AnyRobot/_git/itops-alert-analysis/infra/log/log.go:29.37,31.2 1 0
devops.aishu.cn/AISHUDevOps/AnyRobot/_git/itops-alert-analysis/infra/log/log.go:34.38,62.16 4 0
devops.aishu.cn/AISHUDevOps/AnyRobot/_git/itops-alert-analysis/infra/log/log.go:62.16,65.3 1 0
devops.aishu.cn/AISHUDevOps/AnyRobot/_git/itops-alert-analysis/infra/log/log.go:67.2,82.25 6 0
devops.aishu.cn/AISHUDevOps/AnyRobot/_git/itops-alert-analysis/infra/log/log.go:82.25,86.3 2 0
devops.aishu.cn/AISHUDevOps/AnyRobot/_git/itops-alert-analysis/infra/log/log.go:86.8,88.3 1 0
devops.aishu.cn/AISHUDevOps/AnyRobot/_git/itops-alert-analysis/infra/log/log.go:90.2,90.15 1 0
devops.aishu.cn/AISHUDevOps/AnyRobot/_git/itops-alert-analysis/infra/log/log.go:93.13,103.2 2 0
devops.aishu.cn/AISHUDevOps/AnyRobot/_git/itops-alert-analysis/infra/log/log.go:107.33,109.2 1 0
devops.aishu.cn/AISHUDevOps/AnyRobot/_git/itops-alert-analysis/infra/log/log.go:111.51,113.2 1 0
devops.aishu.cn/AISHUDevOps/AnyRobot/_git/itops-alert-analysis/infra/log/log.go:115.32,117.2 1 0
devops.aishu.cn/AISHUDevOps/AnyRobot/_git/itops-alert-analysis/infra/log/log.go:119.50,121.2 1 0
devops.aishu.cn/AISHUDevOps/AnyRobot/_git/itops-alert-analysis/infra/log/log.go:123.32,125.2 1 0
devops.aishu.cn/AISHUDevOps/AnyRobot/_git/itops-alert-analysis/infra/log/log.go:127.50,129.2 1 0
devops.aishu.cn/AISHUDevOps/AnyRobot/_git/itops-alert-analysis/infra/log/log.go:131.33,133.2 1 0
devops.aishu.cn/AISHUDevOps/AnyRobot/_git/itops-alert-analysis/infra/log/log.go:135.51,137.2 1 0
devops.aishu.cn/AISHUDevOps/AnyRobot/_git/itops-alert-analysis/infra/log/log.go:139.33,141.2 1 0
devops.aishu.cn/AISHUDevOps/AnyRobot/_git/itops-alert-analysis/infra/log/log.go:143.51,145.2 1 0
devops.aishu.cn/AISHUDevOps/AnyRobot/_git/itops-alert-analysis/infra/log/log.go:147.19,148.19 1 0
devops.aishu.cn/AISHUDevOps/AnyRobot/_git/itops-alert-analysis/infra/log/log.go:148.19,150.3 1 0
devops.aishu.cn/AISHUDevOps/AnyRobot/_git/itops-alert-analysis/infra/log/log.go:151.2,151.12 1 0
devops.aishu.cn/AISHUDevOps/AnyRobot/_git/itops-alert-analysis/infra/log/log.go:156.41,158.2 1 0
devops.aishu.cn/AISHUDevOps/AnyRobot/_git/itops-alert-analysis/infra/log/log.go:161.73,166.2 4 0
devops.aishu.cn/AISHUDevOps/AnyRobot/_git/itops-alert-analysis/infra/opensearch/client.go:25.69,26.25 1 0
devops.aishu.cn/AISHUDevOps/AnyRobot/_git/itops-alert-analysis/infra/opensearch/client.go:26.25,28.3 1 0
devops.aishu.cn/AISHUDevOps/AnyRobot/_git/itops-alert-analysis/infra/opensearch/client.go:30.2,31.33 2 0
devops.aishu.cn/AISHUDevOps/AnyRobot/_git/itops-alert-analysis/infra/opensearch/client.go:31.33,33.17 2 0
devops.aishu.cn/AISHUDevOps/AnyRobot/_git/itops-alert-analysis/infra/opensearch/client.go:33.17,34.12 1 0
devops.aishu.cn/AISHUDevOps/AnyRobot/_git/itops-alert-analysis/infra/opensearch/client.go:36.3,36.82 1 0
devops.aishu.cn/AISHUDevOps/AnyRobot/_git/itops-alert-analysis/infra/opensearch/client.go:36.82,38.4 1 0
devops.aishu.cn/AISHUDevOps/AnyRobot/_git/itops-alert-analysis/infra/opensearch/client.go:39.3,39.62 1 0
devops.aishu.cn/AISHUDevOps/AnyRobot/_git/itops-alert-analysis/infra/opensearch/client.go:41.2,41.25 1 0
devops.aishu.cn/AISHUDevOps/AnyRobot/_git/itops-alert-analysis/infra/opensearch/client.go:41.25,43.3 1 0
devops.aishu.cn/AISHUDevOps/AnyRobot/_git/itops-alert-analysis/infra/opensearch/client.go:45.2,46.18 2 0
devops.aishu.cn/AISHUDevOps/AnyRobot/_git/itops-alert-analysis/infra/opensearch/client.go:46.18,48.3 1 0
devops.aishu.cn/AISHUDevOps/AnyRobot/_git/itops-alert-analysis/infra/opensearch/client.go:50.2,67.16 4 0
devops.aishu.cn/AISHUDevOps/AnyRobot/_git/itops-alert-analysis/infra/opensearch/client.go:67.16,69.3 1 0
devops.aishu.cn/AISHUDevOps/AnyRobot/_git/itops-alert-analysis/infra/opensearch/client.go:70.2,70.20 1 0
devops.aishu.cn/AISHUDevOps/AnyRobot/_git/itops-alert-analysis/infra/opensearch/fault_causal_relation_store.go:34.90,36.2 1 0
devops.aishu.cn/AISHUDevOps/AnyRobot/_git/itops-alert-analysis/infra/opensearch/fault_causal_relation_store.go:43.102,44.43 1 0
devops.aishu.cn/AISHUDevOps/AnyRobot/_git/itops-alert-analysis/infra/opensearch/fault_causal_relation_store.go:44.43,46.3 1 0
devops.aishu.cn/AISHUDevOps/AnyRobot/_git/itops-alert-analysis/infra/opensearch/fault_causal_relation_store.go:48.2,48.26 1 0
devops.aishu.cn/AISHUDevOps/AnyRobot/_git/itops-alert-analysis/infra/opensearch/fault_causal_relation_store.go:48.26,50.3 1 0
devops.aishu.cn/AISHUDevOps/AnyRobot/_git/itops-alert-analysis/infra/opensearch/fault_causal_relation_store.go:52.2,53.17 2 0
devops.aishu.cn/AISHUDevOps/AnyRobot/_git/itops-alert-analysis/infra/opensearch/fault_causal_relation_store.go:53.17,55.3 1 0
devops.aishu.cn/AISHUDevOps/AnyRobot/_git/itops-alert-analysis/infra/opensearch/fault_causal_relation_store.go:57.2,69.16 3 0
devops.aishu.cn/AISHUDevOps/AnyRobot/_git/itops-alert-analysis/infra/opensearch/fault_causal_relation_store.go:69.16,71.3 1 0
devops.aishu.cn/AISHUDevOps/AnyRobot/_git/itops-alert-analysis/infra/opensearch/fault_causal_relation_store.go:73.2,81.16 3 0
devops.aishu.cn/AISHUDevOps/AnyRobot/_git/itops-alert-analysis/infra/opensearch/fault_causal_relation_store.go:81.16,83.3 1 0
devops.aishu.cn/AISHUDevOps/AnyRobot/_git/itops-alert-analysis/infra/opensearch/fault_causal_relation_store.go:84.2,84.15 1 0
devops.aishu.cn/AISHUDevOps/AnyRobot/_git/itops-alert-analysis/infra/opensearch/fault_causal_relation_store.go:84.15,86.3 1 0
devops.aishu.cn/AISHUDevOps/AnyRobot/_git/itops-alert-analysis/infra/opensearch/fault_causal_relation_store.go:88.2,88.19 1 0
devops.aishu.cn/AISHUDevOps/AnyRobot/_git/itops-alert-analysis/infra/opensearch/fault_causal_relation_store.go:88.19,91.3 2 0
devops.aishu.cn/AISHUDevOps/AnyRobot/_git/itops-alert-analysis/infra/opensearch/fault_causal_relation_store.go:93.2,93.12 1 0
devops.aishu.cn/AISHUDevOps/AnyRobot/_git/itops-alert-analysis/infra/opensearch/fault_causal_relation_store.go:99.102,100.43 1 0
devops.aishu.cn/AISHUDevOps/AnyRobot/_git/itops-alert-analysis/infra/opensearch/fault_causal_relation_store.go:100.43,102.3 1 0
devops.aishu.cn/AISHUDevOps/AnyRobot/_git/itops-alert-analysis/infra/opensearch/fault_causal_relation_store.go:104.2,104.26 1 0
devops.aishu.cn/AISHUDevOps/AnyRobot/_git/itops-alert-analysis/infra/opensearch/fault_causal_relation_store.go:104.26,106.3 1 0
devops.aishu.cn/AISHUDevOps/AnyRobot/_git/itops-alert-analysis/infra/opensearch/fault_causal_relation_store.go:109.2,113.53 2 0
devops.aishu.cn/AISHUDevOps/AnyRobot/_git/itops-alert-analysis/infra/opensearch/fault_causal_relation_store.go:113.53,114.18 1 0
devops.aishu.cn/AISHUDevOps/AnyRobot/_git/itops-alert-analysis/infra/opensearch/fault_causal_relation_store.go:114.18,116.4 1 0
devops.aishu.cn/AISHUDevOps/AnyRobot/_git/itops-alert-analysis/infra/opensearch/fault_causal_relation_store.go:119.2,125.50 6 0
devops.aishu.cn/AISHUDevOps/AnyRobot/_git/itops-alert-analysis/infra/opensearch/fault_causal_relation_store.go:130.120,131.43 1 0
devops.aishu.cn/AISHUDevOps/AnyRobot/_git/itops-alert-analysis/infra/opensearch/fault_causal_relation_store.go:131.43,133.3 1 0
devops.aishu.cn/AISHUDevOps/AnyRobot/_git/itops-alert-analysis/infra/opensearch/fault_causal_relation_store.go:135.2,135.19 1 0
devops.aishu.cn/AISHUDevOps/AnyRobot/_git/itops-alert-analysis/infra/opensearch/fault_causal_relation_store.go:135.19,137.3 1 0
devops.aishu.cn/AISHUDevOps/AnyRobot/_git/itops-alert-analysis/infra/opensearch/fault_causal_relation_store.go:140.2,141.25 2 0
devops.aishu.cn/AISHUDevOps/AnyRobot/_git/itops-alert-analysis/infra/opensearch/fault_causal_relation_store.go:141.25,142.15 1 0
devops.aishu.cn/AISHUDevOps/AnyRobot/_git/itops-alert-analysis/infra/opensearch/fault_causal_relation_store.go:142.15,144.4 1 0
devops.aishu.cn/AISHUDevOps/AnyRobot/_git/itops-alert-analysis/infra/opensearch/fault_causal_relation_store.go:147.2,147.24 1 0
devops.aishu.cn/AISHUDevOps/AnyRobot/_git/itops-alert-analysis/infra/opensearch/fault_causal_relation_store.go:147.24,149.3 1 0
devops.aishu.cn/AISHUDevOps/AnyRobot/_git/itops-alert-analysis/infra/opensearch/fault_causal_relation_store.go:151.2,152.16 2 0
devops.aishu.cn/AISHUDevOps/AnyRobot/_git/itops-alert-analysis/infra/opensearch/fault_causal_relation_store.go:152.16,154.3 1 0
devops.aishu.cn/AISHUDevOps/AnyRobot/_git/itops-alert-analysis/infra/opensearch/fault_causal_relation_store.go:156.2,161.32 2 0
devops.aishu.cn/AISHUDevOps/AnyRobot/_git/itops-alert-analysis/infra/opensearch/fault_causal_relation_store.go:166.140,167.43 1 0
devops.aishu.cn/AISHUDevOps/AnyRobot/_git/itops-alert-analysis/infra/opensearch/fault_causal_relation_store.go:167.43,169.3 1 0
devops.aishu.cn/AISHUDevOps/AnyRobot/_git/itops-alert-analysis/infra/opensearch/fault_causal_relation_store.go:171.2,171.38 1 0
devops.aishu.cn/AISHUDevOps/AnyRobot/_git/itops-alert-analysis/infra/opensearch/fault_causal_relation_store.go:171.38,173.3 1 0
devops.aishu.cn/AISHUDevOps/AnyRobot/_git/itops-alert-analysis/infra/opensearch/fault_causal_relation_store.go:179.2,211.16 3 0
devops.aishu.cn/AISHUDevOps/AnyRobot/_git/itops-alert-analysis/infra/opensearch/fault_causal_relation_store.go:211.16,213.3 1 0
devops.aishu.cn/AISHUDevOps/AnyRobot/_git/itops-alert-analysis/infra/opensearch/fault_causal_relation_store.go:215.2,221.16 3 0
devops.aishu.cn/AISHUDevOps/AnyRobot/_git/itops-alert-analysis/infra/opensearch/fault_causal_relation_store.go:221.16,223.3 1 0
devops.aishu.cn/AISHUDevOps/AnyRobot/_git/itops-alert-analysis/infra/opensearch/fault_causal_relation_store.go:224.2,224.15 1 0
devops.aishu.cn/AISHUDevOps/AnyRobot/_git/itops-alert-analysis/infra/opensearch/fault_causal_relation_store.go:224.15,226.3 1 0
devops.aishu.cn/AISHUDevOps/AnyRobot/_git/itops-alert-analysis/infra/opensearch/fault_causal_relation_store.go:228.2,228.19 1 0
devops.aishu.cn/AISHUDevOps/AnyRobot/_git/itops-alert-analysis/infra/opensearch/fault_causal_relation_store.go:228.19,231.3 2 0
devops.aishu.cn/AISHUDevOps/AnyRobot/_git/itops-alert-analysis/infra/opensearch/fault_causal_relation_store.go:233.2,234.16 2 0
devops.aishu.cn/AISHUDevOps/AnyRobot/_git/itops-alert-analysis/infra/opensearch/fault_causal_relation_store.go:234.16,236.3 1 0
devops.aishu.cn/AISHUDevOps/AnyRobot/_git/itops-alert-analysis/infra/opensearch/fault_causal_relation_store.go:238.2,239.16 2 0
devops.aishu.cn/AISHUDevOps/AnyRobot/_git/itops-alert-analysis/infra/opensearch/fault_causal_relation_store.go:239.16,241.3 1 0
devops.aishu.cn/AISHUDevOps/AnyRobot/_git/itops-alert-analysis/infra/opensearch/fault_causal_relation_store.go:243.2,243.20 1 0
devops.aishu.cn/AISHUDevOps/AnyRobot/_git/itops-alert-analysis/infra/opensearch/fault_causal_relation_store.go:249.59,250.21 1 0
devops.aishu.cn/AISHUDevOps/AnyRobot/_git/itops-alert-analysis/infra/opensearch/fault_causal_relation_store.go:250.21,252.3 1 0
devops.aishu.cn/AISHUDevOps/AnyRobot/_git/itops-alert-analysis/infra/opensearch/fault_causal_relation_store.go:253.2,253.12 1 0
devops.aishu.cn/AISHUDevOps/AnyRobot/_git/itops-alert-analysis/infra/opensearch/fault_causal_relation_store.go:257.138,259.16 2 0
devops.aishu.cn/AISHUDevOps/AnyRobot/_git/itops-alert-analysis/infra/opensearch/fault_causal_relation_store.go:259.16,261.3 1 0
devops.aishu.cn/AISHUDevOps/AnyRobot/_git/itops-alert-analysis/infra/opensearch/fault_causal_relation_store.go:262.2,262.15 1 0
devops.aishu.cn/AISHUDevOps/AnyRobot/_git/itops-alert-analysis/infra/opensearch/fault_causal_relation_store.go:262.15,264.3 1 0
devops.aishu.cn/AISHUDevOps/AnyRobot/_git/itops-alert-analysis/infra/opensearch/fault_causal_relation_store.go:266.2,266.19 1 0
devops.aishu.cn/AISHUDevOps/AnyRobot/_git/itops-alert-analysis/infra/opensearch/fault_causal_relation_store.go:266.19,269.3 2 0
devops.aishu.cn/AISHUDevOps/AnyRobot/_git/itops-alert-analysis/infra/opensearch/fault_causal_relation_store.go:271.2,272.16 2 0
devops.aishu.cn/AISHUDevOps/AnyRobot/_git/itops-alert-analysis/infra/opensearch/fault_causal_relation_store.go:272.16,274.3 1 0
devops.aishu.cn/AISHUDevOps/AnyRobot/_git/itops-alert-analysis/infra/opensearch/fault_causal_relation_store.go:276.2,277.16 2 0
devops.aishu.cn/AISHUDevOps/AnyRobot/_git/itops-alert-analysis/infra/opensearch/fault_causal_relation_store.go:277.16,279.3 1 0
devops.aishu.cn/AISHUDevOps/AnyRobot/_git/itops-alert-analysis/infra/opensearch/fault_causal_relation_store.go:281.2,281.20 1 0
devops.aishu.cn/AISHUDevOps/AnyRobot/_git/itops-alert-analysis/infra/opensearch/fault_causal_relation_store.go:286.108,287.43 1 0
devops.aishu.cn/AISHUDevOps/AnyRobot/_git/itops-alert-analysis/infra/opensearch/fault_causal_relation_store.go:287.43,289.3 1 0
devops.aishu.cn/AISHUDevOps/AnyRobot/_git/itops-alert-analysis/infra/opensearch/fault_causal_relation_store.go:291.2,291.14 1 0
devops.aishu.cn/AISHUDevOps/AnyRobot/_git/itops-alert-analysis/infra/opensearch/fault_causal_relation_store.go:291.14,293.3 1 0
devops.aishu.cn/AISHUDevOps/AnyRobot/_git/itops-alert-analysis/infra/opensearch/fault_causal_relation_store.go:295.2,295.19 1 0
devops.aishu.cn/AISHUDevOps/AnyRobot/_git/itops-alert-analysis/infra/opensearch/fault_causal_relation_store.go:295.19,297.3 1 0
devops.aishu.cn/AISHUDevOps/AnyRobot/_git/itops-alert-analysis/infra/opensearch/fault_causal_relation_store.go:299.2,300.16 2 0
devops.aishu.cn/AISHUDevOps/AnyRobot/_git/itops-alert-analysis/infra/opensearch/fault_causal_relation_store.go:300.16,302.3 1 0
devops.aishu.cn/AISHUDevOps/AnyRobot/_git/itops-alert-analysis/infra/opensearch/fault_causal_relation_store.go:304.2,312.16 3 0
devops.aishu.cn/AISHUDevOps/AnyRobot/_git/itops-alert-analysis/infra/opensearch/fault_causal_relation_store.go:312.16,314.3 1 0
devops.aishu.cn/AISHUDevOps/AnyRobot/_git/itops-alert-analysis/infra/opensearch/fault_causal_relation_store.go:315.2,315.15 1 0
devops.aishu.cn/AISHUDevOps/AnyRobot/_git/itops-alert-analysis/infra/opensearch/fault_causal_relation_store.go:315.15,317.3 1 0
devops.aishu.cn/AISHUDevOps/AnyRobot/_git/itops-alert-analysis/infra/opensearch/fault_causal_relation_store.go:319.2,319.19 1 0
devops.aishu.cn/AISHUDevOps/AnyRobot/_git/itops-alert-analysis/infra/opensearch/fault_causal_relation_store.go:319.19,322.3 2 0
devops.aishu.cn/AISHUDevOps/AnyRobot/_git/itops-alert-analysis/infra/opensearch/fault_causal_relation_store.go:324.2,324.12 1 0
devops.aishu.cn/AISHUDevOps/AnyRobot/_git/itops-alert-analysis/infra/opensearch/fault_causal_store.go:35.74,37.2 1 0
devops.aishu.cn/AISHUDevOps/AnyRobot/_git/itops-alert-analysis/infra/opensearch/fault_causal_store.go:44.91,45.21 1 0
devops.aishu.cn/AISHUDevOps/AnyRobot/_git/itops-alert-analysis/infra/opensearch/fault_causal_store.go:45.21,47.3 1 0
devops.aishu.cn/AISHUDevOps/AnyRobot/_git/itops-alert-analysis/infra/opensearch/fault_causal_store.go:48.2,48.23 1 0
devops.aishu.cn/AISHUDevOps/AnyRobot/_git/itops-alert-analysis/infra/opensearch/fault_causal_store.go:48.23,50.3 1 0
devops.aishu.cn/AISHUDevOps/AnyRobot/_git/itops-alert-analysis/infra/opensearch/fault_causal_store.go:53.2,54.17 2 0
devops.aishu.cn/AISHUDevOps/AnyRobot/_git/itops-alert-analysis/infra/opensearch/fault_causal_store.go:54.17,56.3 1 0
devops.aishu.cn/AISHUDevOps/AnyRobot/_git/itops-alert-analysis/infra/opensearch/fault_causal_store.go:58.2,70.16 3 0
devops.aishu.cn/AISHUDevOps/AnyRobot/_git/itops-alert-analysis/infra/opensearch/fault_causal_store.go:70.16,72.3 1 0
devops.aishu.cn/AISHUDevOps/AnyRobot/_git/itops-alert-analysis/infra/opensearch/fault_causal_store.go:74.2,82.16 3 0
devops.aishu.cn/AISHUDevOps/AnyRobot/_git/itops-alert-analysis/infra/opensearch/fault_causal_store.go:82.16,84.3 1 0
devops.aishu.cn/AISHUDevOps/AnyRobot/_git/itops-alert-analysis/infra/opensearch/fault_causal_store.go:85.2,85.15 1 0
devops.aishu.cn/AISHUDevOps/AnyRobot/_git/itops-alert-analysis/infra/opensearch/fault_causal_store.go:85.15,87.3 1 0
devops.aishu.cn/AISHUDevOps/AnyRobot/_git/itops-alert-analysis/infra/opensearch/fault_causal_store.go:89.2,89.19 1 0
devops.aishu.cn/AISHUDevOps/AnyRobot/_git/itops-alert-analysis/infra/opensearch/fault_causal_store.go:89.19,92.3 2 0
devops.aishu.cn/AISHUDevOps/AnyRobot/_git/itops-alert-analysis/infra/opensearch/fault_causal_store.go:94.2,94.12 1 0
devops.aishu.cn/AISHUDevOps/AnyRobot/_git/itops-alert-analysis/infra/opensearch/fault_causal_store.go:100.91,101.21 1 0
devops.aishu.cn/AISHUDevOps/AnyRobot/_git/itops-alert-analysis/infra/opensearch/fault_causal_store.go:101.21,103.3 1 0
devops.aishu.cn/AISHUDevOps/AnyRobot/_git/itops-alert-analysis/infra/opensearch/fault_causal_store.go:104.2,104.23 1 0
devops.aishu.cn/AISHUDevOps/AnyRobot/_git/itops-alert-analysis/infra/opensearch/fault_causal_store.go:104.23,106.3 1 0
devops.aishu.cn/AISHUDevOps/AnyRobot/_git/itops-alert-analysis/infra/opensearch/fault_causal_store.go:109.2,118.47 2 0
devops.aishu.cn/AISHUDevOps/AnyRobot/_git/itops-alert-analysis/infra/opensearch/fault_causal_store.go:123.110,124.21 1 0
devops.aishu.cn/AISHUDevOps/AnyRobot/_git/itops-alert-analysis/infra/opensearch/fault_causal_store.go:124.21,126.3 1 0
devops.aishu.cn/AISHUDevOps/AnyRobot/_git/itops-alert-analysis/infra/opensearch/fault_causal_store.go:127.2,127.19 1 0
devops.aishu.cn/AISHUDevOps/AnyRobot/_git/itops-alert-analysis/infra/opensearch/fault_causal_store.go:127.19,129.3 1 0
devops.aishu.cn/AISHUDevOps/AnyRobot/_git/itops-alert-analysis/infra/opensearch/fault_causal_store.go:132.2,133.25 2 0
devops.aishu.cn/AISHUDevOps/AnyRobot/_git/itops-alert-analysis/infra/opensearch/fault_causal_store.go:133.25,134.15 1 0
devops.aishu.cn/AISHUDevOps/AnyRobot/_git/itops-alert-analysis/infra/opensearch/fault_causal_store.go:134.15,136.4 1 0
devops.aishu.cn/AISHUDevOps/AnyRobot/_git/itops-alert-analysis/infra/opensearch/fault_causal_store.go:139.2,139.24 1 0
devops.aishu.cn/AISHUDevOps/AnyRobot/_git/itops-alert-analysis/infra/opensearch/fault_causal_store.go:139.24,141.3 1 0
devops.aishu.cn/AISHUDevOps/AnyRobot/_git/itops-alert-analysis/infra/opensearch/fault_causal_store.go:143.2,144.16 2 0
devops.aishu.cn/AISHUDevOps/AnyRobot/_git/itops-alert-analysis/infra/opensearch/fault_causal_store.go:144.16,146.3 1 0
devops.aishu.cn/AISHUDevOps/AnyRobot/_git/itops-alert-analysis/infra/opensearch/fault_causal_store.go:148.2,154.16 3 0
devops.aishu.cn/AISHUDevOps/AnyRobot/_git/itops-alert-analysis/infra/opensearch/fault_causal_store.go:154.16,156.3 1 0
devops.aishu.cn/AISHUDevOps/AnyRobot/_git/itops-alert-analysis/infra/opensearch/fault_causal_store.go:157.2,157.15 1 0
devops.aishu.cn/AISHUDevOps/AnyRobot/_git/itops-alert-analysis/infra/opensearch/fault_causal_store.go:157.15,159.3 1 0
devops.aishu.cn/AISHUDevOps/AnyRobot/_git/itops-alert-analysis/infra/opensearch/fault_causal_store.go:161.2,161.19 1 0
devops.aishu.cn/AISHUDevOps/AnyRobot/_git/itops-alert-analysis/infra/opensearch/fault_causal_store.go:161.19,164.3 2 0
devops.aishu.cn/AISHUDevOps/AnyRobot/_git/itops-alert-analysis/infra/opensearch/fault_causal_store.go:166.2,167.16 2 0
devops.aishu.cn/AISHUDevOps/AnyRobot/_git/itops-alert-analysis/infra/opensearch/fault_causal_store.go:167.16,169.3 1 0
devops.aishu.cn/AISHUDevOps/AnyRobot/_git/itops-alert-analysis/infra/opensearch/fault_causal_store.go:171.2,172.16 2 0
devops.aishu.cn/AISHUDevOps/AnyRobot/_git/itops-alert-analysis/infra/opensearch/fault_causal_store.go:172.16,174.3 1 0
devops.aishu.cn/AISHUDevOps/AnyRobot/_git/itops-alert-analysis/infra/opensearch/fault_causal_store.go:176.2,176.20 1 0
devops.aishu.cn/AISHUDevOps/AnyRobot/_git/itops-alert-analysis/infra/opensearch/fault_causal_store.go:183.100,184.21 1 0
devops.aishu.cn/AISHUDevOps/AnyRobot/_git/itops-alert-analysis/infra/opensearch/fault_causal_store.go:184.21,186.3 1 0
devops.aishu.cn/AISHUDevOps/AnyRobot/_git/itops-alert-analysis/infra/opensearch/fault_causal_store.go:188.2,188.14 1 0
devops.aishu.cn/AISHUDevOps/AnyRobot/_git/itops-alert-analysis/infra/opensearch/fault_causal_store.go:188.14,190.3 1 0
devops.aishu.cn/AISHUDevOps/AnyRobot/_git/itops-alert-analysis/infra/opensearch/fault_causal_store.go:192.2,192.19 1 0
devops.aishu.cn/AISHUDevOps/AnyRobot/_git/itops-alert-analysis/infra/opensearch/fault_causal_store.go:192.19,194.3 1 0
devops.aishu.cn/AISHUDevOps/AnyRobot/_git/itops-alert-analysis/infra/opensearch/fault_causal_store.go:196.2,197.16 2 0
devops.aishu.cn/AISHUDevOps/AnyRobot/_git/itops-alert-analysis/infra/opensearch/fault_causal_store.go:197.16,199.3 1 0
devops.aishu.cn/AISHUDevOps/AnyRobot/_git/itops-alert-analysis/infra/opensearch/fault_causal_store.go:201.2,209.16 3 0
devops.aishu.cn/AISHUDevOps/AnyRobot/_git/itops-alert-analysis/infra/opensearch/fault_causal_store.go:209.16,211.3 1 0
devops.aishu.cn/AISHUDevOps/AnyRobot/_git/itops-alert-analysis/infra/opensearch/fault_causal_store.go:212.2,212.15 1 0
devops.aishu.cn/AISHUDevOps/AnyRobot/_git/itops-alert-analysis/infra/opensearch/fault_causal_store.go:212.15,214.3 1 0
devops.aishu.cn/AISHUDevOps/AnyRobot/_git/itops-alert-analysis/infra/opensearch/fault_causal_store.go:216.2,216.19 1 0
devops.aishu.cn/AISHUDevOps/AnyRobot/_git/itops-alert-analysis/infra/opensearch/fault_causal_store.go:216.19,219.3 2 0
devops.aishu.cn/AISHUDevOps/AnyRobot/_git/itops-alert-analysis/infra/opensearch/fault_causal_store.go:221.2,221.12 1 0
devops.aishu.cn/AISHUDevOps/AnyRobot/_git/itops-alert-analysis/infra/opensearch/fault_point_relation_store.go:33.97,35.2 1 0
devops.aishu.cn/AISHUDevOps/AnyRobot/_git/itops-alert-analysis/infra/opensearch/fault_point_relation_store.go:38.105,39.21 1 0
devops.aishu.cn/AISHUDevOps/AnyRobot/_git/itops-alert-analysis/infra/opensearch/fault_point_relation_store.go:39.21,41.3 1 0
devops.aishu.cn/AISHUDevOps/AnyRobot/_git/itops-alert-analysis/infra/opensearch/fault_point_relation_store.go:43.2,55.16 3 0
devops.aishu.cn/AISHUDevOps/AnyRobot/_git/itops-alert-analysis/infra/opensearch/fault_point_relation_store.go:55.16,57.3 1 0
devops.aishu.cn/AISHUDevOps/AnyRobot/_git/itops-alert-analysis/infra/opensearch/fault_point_relation_store.go:60.2,69.16 3 0
devops.aishu.cn/AISHUDevOps/AnyRobot/_git/itops-alert-analysis/infra/opensearch/fault_point_relation_store.go:69.16,71.3 1 0
devops.aishu.cn/AISHUDevOps/AnyRobot/_git/itops-alert-analysis/infra/opensearch/fault_point_relation_store.go:72.2,72.15 1 0
devops.aishu.cn/AISHUDevOps/AnyRobot/_git/itops-alert-analysis/infra/opensearch/fault_point_relation_store.go:72.15,74.3 1 0
devops.aishu.cn/AISHUDevOps/AnyRobot/_git/itops-alert-analysis/infra/opensearch/fault_point_relation_store.go:76.2,76.20 1 0
devops.aishu.cn/AISHUDevOps/AnyRobot/_git/itops-alert-analysis/infra/opensearch/fault_point_relation_store.go:76.20,79.3 2 0
devops.aishu.cn/AISHUDevOps/AnyRobot/_git/itops-alert-analysis/infra/opensearch/fault_point_relation_store.go:81.2,81.12 1 0
devops.aishu.cn/AISHUDevOps/AnyRobot/_git/itops-alert-analysis/infra/opensearch/fault_point_store.go:35.72,37.2 1 0
devops.aishu.cn/AISHUDevOps/AnyRobot/_git/itops-alert-analysis/infra/opensearch/fault_point_store.go:39.155,40.21 1 0
devops.aishu.cn/AISHUDevOps/AnyRobot/_git/itops-alert-analysis/infra/opensearch/fault_point_store.go:40.21,42.3 1 0
devops.aishu.cn/AISHUDevOps/AnyRobot/_git/itops-alert-analysis/infra/opensearch/fault_point_store.go:43.2,43.47 1 0
devops.aishu.cn/AISHUDevOps/AnyRobot/_git/itops-alert-analysis/infra/opensearch/fault_point_store.go:43.47,45.3 1 0
devops.aishu.cn/AISHUDevOps/AnyRobot/_git/itops-alert-analysis/infra/opensearch/fault_point_store.go:46.2,74.16 3 0
devops.aishu.cn/AISHUDevOps/AnyRobot/_git/itops-alert-analysis/infra/opensearch/fault_point_store.go:74.16,76.3 1 0
devops.aishu.cn/AISHUDevOps/AnyRobot/_git/itops-alert-analysis/infra/opensearch/fault_point_store.go:77.2,82.16 3 0
devops.aishu.cn/AISHUDevOps/AnyRobot/_git/itops-alert-analysis/infra/opensearch/fault_point_store.go:82.16,84.3 1 0
devops.aishu.cn/AISHUDevOps/AnyRobot/_git/itops-alert-analysis/infra/opensearch/fault_point_store.go:85.2,85.15 1 0
devops.aishu.cn/AISHUDevOps/AnyRobot/_git/itops-alert-analysis/infra/opensearch/fault_point_store.go:85.15,87.3 1 0
devops.aishu.cn/AISHUDevOps/AnyRobot/_git/itops-alert-analysis/infra/opensearch/fault_point_store.go:88.2,88.19 1 0
devops.aishu.cn/AISHUDevOps/AnyRobot/_git/itops-alert-analysis/infra/opensearch/fault_point_store.go:88.19,91.3 2 0
devops.aishu.cn/AISHUDevOps/AnyRobot/_git/itops-alert-analysis/infra/opensearch/fault_point_store.go:92.2,93.16 2 0
devops.aishu.cn/AISHUDevOps/AnyRobot/_git/itops-alert-analysis/infra/opensearch/fault_point_store.go:93.16,95.3 1 0
devops.aishu.cn/AISHUDevOps/AnyRobot/_git/itops-alert-analysis/infra/opensearch/fault_point_store.go:96.2,97.16 2 0
devops.aishu.cn/AISHUDevOps/AnyRobot/_git/itops-alert-analysis/infra/opensearch/fault_point_store.go:97.16,99.3 1 0
devops.aishu.cn/AISHUDevOps/AnyRobot/_git/itops-alert-analysis/infra/opensearch/fault_point_store.go:100.2,100.22 1 0
devops.aishu.cn/AISHUDevOps/AnyRobot/_git/itops-alert-analysis/infra/opensearch/fault_point_store.go:100.22,102.3 1 0
devops.aishu.cn/AISHUDevOps/AnyRobot/_git/itops-alert-analysis/infra/opensearch/fault_point_store.go:103.2,103.24 1 0
devops.aishu.cn/AISHUDevOps/AnyRobot/_git/itops-alert-analysis/infra/opensearch/fault_point_store.go:106.89,107.21 1 0
devops.aishu.cn/AISHUDevOps/AnyRobot/_git/itops-alert-analysis/infra/opensearch/fault_point_store.go:107.21,109.3 1 0
devops.aishu.cn/AISHUDevOps/AnyRobot/_git/itops-alert-analysis/infra/opensearch/fault_point_store.go:110.2,110.21 1 0
devops.aishu.cn/AISHUDevOps/AnyRobot/_git/itops-alert-analysis/infra/opensearch/fault_point_store.go:110.21,112.3 1 0
devops.aishu.cn/AISHUDevOps/AnyRobot/_git/itops-alert-analysis/infra/opensearch/fault_point_store.go:114.2,115.17 2 0
devops.aishu.cn/AISHUDevOps/AnyRobot/_git/itops-alert-analysis/infra/opensearch/fault_point_store.go:115.17,117.3 1 0
devops.aishu.cn/AISHUDevOps/AnyRobot/_git/itops-alert-analysis/infra/opensearch/fault_point_store.go:118.2,130.16 3 0
devops.aishu.cn/AISHUDevOps/AnyRobot/_git/itops-alert-analysis/infra/opensearch/fault_point_store.go:130.16,132.3 1 0
devops.aishu.cn/AISHUDevOps/AnyRobot/_git/itops-alert-analysis/infra/opensearch/fault_point_store.go:133.2,140.16 3 0
devops.aishu.cn/AISHUDevOps/AnyRobot/_git/itops-alert-analysis/infra/opensearch/fault_point_store.go:140.16,142.3 1 0
devops.aishu.cn/AISHUDevOps/AnyRobot/_git/itops-alert-analysis/infra/opensearch/fault_point_store.go:143.2,143.15 1 0
devops.aishu.cn/AISHUDevOps/AnyRobot/_git/itops-alert-analysis/infra/opensearch/fault_point_store.go:143.15,145.3 1 0
devops.aishu.cn/AISHUDevOps/AnyRobot/_git/itops-alert-analysis/infra/opensearch/fault_point_store.go:146.2,146.19 1 0
devops.aishu.cn/AISHUDevOps/AnyRobot/_git/itops-alert-analysis/infra/opensearch/fault_point_store.go:146.19,149.3 2 0
devops.aishu.cn/AISHUDevOps/AnyRobot/_git/itops-alert-analysis/infra/opensearch/fault_point_store.go:150.2,150.12 1 0
devops.aishu.cn/AISHUDevOps/AnyRobot/_git/itops-alert-analysis/infra/opensearch/fault_point_store.go:153.107,155.2 1 0
devops.aishu.cn/AISHUDevOps/AnyRobot/_git/itops-alert-analysis/infra/opensearch/fault_point_store.go:158.108,164.2 2 0
devops.aishu.cn/AISHUDevOps/AnyRobot/_git/itops-alert-analysis/infra/opensearch/fault_point_store.go:167.82,173.2 2 0
devops.aishu.cn/AISHUDevOps/AnyRobot/_git/itops-alert-analysis/infra/opensearch/fault_point_store.go:175.108,176.21 1 0
devops.aishu.cn/AISHUDevOps/AnyRobot/_git/itops-alert-analysis/infra/opensearch/fault_point_store.go:176.21,178.3 1 0
devops.aishu.cn/AISHUDevOps/AnyRobot/_git/itops-alert-analysis/infra/opensearch/fault_point_store.go:179.2,179.19 1 0
devops.aishu.cn/AISHUDevOps/AnyRobot/_git/itops-alert-analysis/infra/opensearch/fault_point_store.go:179.19,181.3 1 0
devops.aishu.cn/AISHUDevOps/AnyRobot/_git/itops-alert-analysis/infra/opensearch/fault_point_store.go:184.2,185.25 2 0
devops.aishu.cn/AISHUDevOps/AnyRobot/_git/itops-alert-analysis/infra/opensearch/fault_point_store.go:185.25,187.3 1 0
devops.aishu.cn/AISHUDevOps/AnyRobot/_git/itops-alert-analysis/infra/opensearch/fault_point_store.go:189.2,190.16 2 0
devops.aishu.cn/AISHUDevOps/AnyRobot/_git/itops-alert-analysis/infra/opensearch/fault_point_store.go:190.16,192.3 1 0
devops.aishu.cn/AISHUDevOps/AnyRobot/_git/itops-alert-analysis/infra/opensearch/fault_point_store.go:193.2,198.16 3 0
devops.aishu.cn/AISHUDevOps/AnyRobot/_git/itops-alert-analysis/infra/opensearch/fault_point_store.go:198.16,200.3 1 0
devops.aishu.cn/AISHUDevOps/AnyRobot/_git/itops-alert-analysis/infra/opensearch/fault_point_store.go:201.2,201.15 1 0
devops.aishu.cn/AISHUDevOps/AnyRobot/_git/itops-alert-analysis/infra/opensearch/fault_point_store.go:201.15,203.3 1 0
devops.aishu.cn/AISHUDevOps/AnyRobot/_git/itops-alert-analysis/infra/opensearch/fault_point_store.go:204.2,204.19 1 0
devops.aishu.cn/AISHUDevOps/AnyRobot/_git/itops-alert-analysis/infra/opensearch/fault_point_store.go:204.19,207.3 2 0
devops.aishu.cn/AISHUDevOps/AnyRobot/_git/itops-alert-analysis/infra/opensearch/fault_point_store.go:208.2,209.16 2 0
devops.aishu.cn/AISHUDevOps/AnyRobot/_git/itops-alert-analysis/infra/opensearch/fault_point_store.go:209.16,211.3 1 0
devops.aishu.cn/AISHUDevOps/AnyRobot/_git/itops-alert-analysis/infra/opensearch/fault_point_store.go:212.2,212.50 1 0
devops.aishu.cn/AISHUDevOps/AnyRobot/_git/itops-alert-analysis/infra/opensearch/fault_point_store.go:215.99,216.21 1 0
devops.aishu.cn/AISHUDevOps/AnyRobot/_git/itops-alert-analysis/infra/opensearch/fault_point_store.go:216.21,218.3 1 0
devops.aishu.cn/AISHUDevOps/AnyRobot/_git/itops-alert-analysis/infra/opensearch/fault_point_store.go:219.2,219.30 1 0
devops.aishu.cn/AISHUDevOps/AnyRobot/_git/itops-alert-analysis/infra/opensearch/fault_point_store.go:219.30,221.3 1 0
devops.aishu.cn/AISHUDevOps/AnyRobot/_git/itops-alert-analysis/infra/opensearch/fault_point_store.go:222.2,223.16 2 0
devops.aishu.cn/AISHUDevOps/AnyRobot/_git/itops-alert-analysis/infra/opensearch/fault_point_store.go:223.16,225.3 1 0
devops.aishu.cn/AISHUDevOps/AnyRobot/_git/itops-alert-analysis/infra/opensearch/fault_point_store.go:226.2,233.16 3 0
devops.aishu.cn/AISHUDevOps/AnyRobot/_git/itops-alert-analysis/infra/opensearch/fault_point_store.go:233.16,235.3 1 0
devops.aishu.cn/AISHUDevOps/AnyRobot/_git/itops-alert-analysis/infra/opensearch/fault_point_store.go:236.2,236.15 1 0
devops.aishu.cn/AISHUDevOps/AnyRobot/_git/itops-alert-analysis/infra/opensearch/fault_point_store.go:236.15,238.3 1 0
devops.aishu.cn/AISHUDevOps/AnyRobot/_git/itops-alert-analysis/infra/opensearch/fault_point_store.go:239.2,239.19 1 0
devops.aishu.cn/AISHUDevOps/AnyRobot/_git/itops-alert-analysis/infra/opensearch/fault_point_store.go:239.19,242.3 2 0
devops.aishu.cn/AISHUDevOps/AnyRobot/_git/itops-alert-analysis/infra/opensearch/fault_point_store.go:243.2,243.12 1 0
devops.aishu.cn/AISHUDevOps/AnyRobot/_git/itops-alert-analysis/infra/opensearch/fault_point_store.go:247.104,248.21 1 0
devops.aishu.cn/AISHUDevOps/AnyRobot/_git/itops-alert-analysis/infra/opensearch/fault_point_store.go:248.21,250.3 1 0
devops.aishu.cn/AISHUDevOps/AnyRobot/_git/itops-alert-analysis/infra/opensearch/fault_point_store.go:251.2,251.41 1 0
devops.aishu.cn/AISHUDevOps/AnyRobot/_git/itops-alert-analysis/infra/opensearch/fault_point_store.go:251.41,253.3 1 0
devops.aishu.cn/AISHUDevOps/AnyRobot/_git/itops-alert-analysis/infra/opensearch/fault_point_store.go:256.2,257.30 2 0
devops.aishu.cn/AISHUDevOps/AnyRobot/_git/itops-alert-analysis/infra/opensearch/fault_point_store.go:257.30,265.60 2 0
devops.aishu.cn/AISHUDevOps/AnyRobot/_git/itops-alert-analysis/infra/opensearch/fault_point_store.go:265.60,267.4 1 0
devops.aishu.cn/AISHUDevOps/AnyRobot/_git/itops-alert-analysis/infra/opensearch/fault_point_store.go:270.3,271.66 2 0
devops.aishu.cn/AISHUDevOps/AnyRobot/_git/itops-alert-analysis/infra/opensearch/fault_point_store.go:271.66,273.4 1 0
devops.aishu.cn/AISHUDevOps/AnyRobot/_git/itops-alert-analysis/infra/opensearch/fault_point_store.go:277.2,282.16 3 0
devops.aishu.cn/AISHUDevOps/AnyRobot/_git/itops-alert-analysis/infra/opensearch/fault_point_store.go:282.16,284.3 1 0
devops.aishu.cn/AISHUDevOps/AnyRobot/_git/itops-alert-analysis/infra/opensearch/fault_point_store.go:285.2,285.15 1 0
devops.aishu.cn/AISHUDevOps/AnyRobot/_git/itops-alert-analysis/infra/opensearch/fault_point_store.go:285.15,287.3 1 0
devops.aishu.cn/AISHUDevOps/AnyRobot/_git/itops-alert-analysis/infra/opensearch/fault_point_store.go:289.2,289.19 1 0
devops.aishu.cn/AISHUDevOps/AnyRobot/_git/itops-alert-analysis/infra/opensearch/fault_point_store.go:289.19,292.3 2 0
devops.aishu.cn/AISHUDevOps/AnyRobot/_git/itops-alert-analysis/infra/opensearch/fault_point_store.go:295.2,296.16 2 0
devops.aishu.cn/AISHUDevOps/AnyRobot/_git/itops-alert-analysis/infra/opensearch/fault_point_store.go:296.16,298.3 1 0
devops.aishu.cn/AISHUDevOps/AnyRobot/_git/itops-alert-analysis/infra/opensearch/fault_point_store.go:300.2,304.64 2 0
devops.aishu.cn/AISHUDevOps/AnyRobot/_git/itops-alert-analysis/infra/opensearch/fault_point_store.go:304.64,306.3 1 0
devops.aishu.cn/AISHUDevOps/AnyRobot/_git/itops-alert-analysis/infra/opensearch/fault_point_store.go:308.2,308.21 1 0
devops.aishu.cn/AISHUDevOps/AnyRobot/_git/itops-alert-analysis/infra/opensearch/fault_point_store.go:308.21,310.3 1 0
devops.aishu.cn/AISHUDevOps/AnyRobot/_git/itops-alert-analysis/infra/opensearch/fault_point_store.go:312.2,312.12 1 0
devops.aishu.cn/AISHUDevOps/AnyRobot/_git/itops-alert-analysis/infra/opensearch/fault_point_store.go:316.112,317.21 1 0
devops.aishu.cn/AISHUDevOps/AnyRobot/_git/itops-alert-analysis/infra/opensearch/fault_point_store.go:317.21,319.3 1 0
devops.aishu.cn/AISHUDevOps/AnyRobot/_git/itops-alert-analysis/infra/opensearch/fault_point_store.go:320.2,320.18 1 0
devops.aishu.cn/AISHUDevOps/AnyRobot/_git/itops-alert-analysis/infra/opensearch/fault_point_store.go:320.18,322.3 1 0
devops.aishu.cn/AISHUDevOps/AnyRobot/_git/itops-alert-analysis/infra/opensearch/fault_point_store.go:325.2,333.16 2 0
devops.aishu.cn/AISHUDevOps/AnyRobot/_git/itops-alert-analysis/infra/opensearch/fault_point_store.go:333.16,335.3 1 0
devops.aishu.cn/AISHUDevOps/AnyRobot/_git/itops-alert-analysis/infra/opensearch/fault_point_store.go:336.2,341.16 3 0
devops.aishu.cn/AISHUDevOps/AnyRobot/_git/itops-alert-analysis/infra/opensearch/fault_point_store.go:341.16,343.3 1 0
devops.aishu.cn/AISHUDevOps/AnyRobot/_git/itops-alert-analysis/infra/opensearch/fault_point_store.go:344.2,344.15 1 0
devops.aishu.cn/AISHUDevOps/AnyRobot/_git/itops-alert-analysis/infra/opensearch/fault_point_store.go:344.15,346.3 1 0
devops.aishu.cn/AISHUDevOps/AnyRobot/_git/itops-alert-analysis/infra/opensearch/fault_point_store.go:347.2,347.19 1 0
devops.aishu.cn/AISHUDevOps/AnyRobot/_git/itops-alert-analysis/infra/opensearch/fault_point_store.go:347.19,350.3 2 0
devops.aishu.cn/AISHUDevOps/AnyRobot/_git/itops-alert-analysis/infra/opensearch/fault_point_store.go:351.2,352.16 2 0
devops.aishu.cn/AISHUDevOps/AnyRobot/_git/itops-alert-analysis/infra/opensearch/fault_point_store.go:352.16,354.3 1 0
devops.aishu.cn/AISHUDevOps/AnyRobot/_git/itops-alert-analysis/infra/opensearch/fault_point_store.go:355.2,356.16 2 0
devops.aishu.cn/AISHUDevOps/AnyRobot/_git/itops-alert-analysis/infra/opensearch/fault_point_store.go:356.16,358.3 1 0
devops.aishu.cn/AISHUDevOps/AnyRobot/_git/itops-alert-analysis/infra/opensearch/fault_point_store.go:359.2,359.22 1 0
devops.aishu.cn/AISHUDevOps/AnyRobot/_git/itops-alert-analysis/infra/opensearch/fault_point_store.go:359.22,361.3 1 0
devops.aishu.cn/AISHUDevOps/AnyRobot/_git/itops-alert-analysis/infra/opensearch/fault_point_store.go:362.2,362.24 1 0
devops.aishu.cn/AISHUDevOps/AnyRobot/_git/itops-alert-analysis/infra/opensearch/fault_point_store.go:365.153,366.21 1 0
devops.aishu.cn/AISHUDevOps/AnyRobot/_git/itops-alert-analysis/infra/opensearch/fault_point_store.go:366.21,368.3 1 0
devops.aishu.cn/AISHUDevOps/AnyRobot/_git/itops-alert-analysis/infra/opensearch/fault_point_store.go:369.2,369.20 1 0
devops.aishu.cn/AISHUDevOps/AnyRobot/_git/itops-alert-analysis/infra/opensearch/fault_point_store.go:369.20,371.3 1 0
devops.aishu.cn/AISHUDevOps/AnyRobot/_git/itops-alert-analysis/infra/opensearch/fault_point_store.go:372.2,384.16 3 0
devops.aishu.cn/AISHUDevOps/AnyRobot/_git/itops-alert-analysis/infra/opensearch/fault_point_store.go:384.16,386.3 1 0
devops.aishu.cn/AISHUDevOps/AnyRobot/_git/itops-alert-analysis/infra/opensearch/fault_point_store.go:387.2,392.16 3 0
devops.aishu.cn/AISHUDevOps/AnyRobot/_git/itops-alert-analysis/infra/opensearch/fault_point_store.go:392.16,394.3 1 0
devops.aishu.cn/AISHUDevOps/AnyRobot/_git/itops-alert-analysis/infra/opensearch/fault_point_store.go:395.2,395.15 1 0
devops.aishu.cn/AISHUDevOps/AnyRobot/_git/itops-alert-analysis/infra/opensearch/fault_point_store.go:395.15,397.3 1 0
devops.aishu.cn/AISHUDevOps/AnyRobot/_git/itops-alert-analysis/infra/opensearch/fault_point_store.go:398.2,398.19 1 0
devops.aishu.cn/AISHUDevOps/AnyRobot/_git/itops-alert-analysis/infra/opensearch/fault_point_store.go:398.19,401.3 2 0
devops.aishu.cn/AISHUDevOps/AnyRobot/_git/itops-alert-analysis/infra/opensearch/fault_point_store.go:402.2,403.16 2 0
devops.aishu.cn/AISHUDevOps/AnyRobot/_git/itops-alert-analysis/infra/opensearch/fault_point_store.go:403.16,405.3 1 0
devops.aishu.cn/AISHUDevOps/AnyRobot/_git/itops-alert-analysis/infra/opensearch/fault_point_store.go:406.2,406.52 1 0
devops.aishu.cn/AISHUDevOps/AnyRobot/_git/itops-alert-analysis/infra/opensearch/fault_point_store.go:410.129,411.21 1 0
devops.aishu.cn/AISHUDevOps/AnyRobot/_git/itops-alert-analysis/infra/opensearch/fault_point_store.go:411.21,413.3 1 0
devops.aishu.cn/AISHUDevOps/AnyRobot/_git/itops-alert-analysis/infra/opensearch/fault_point_store.go:414.2,431.16 3 0
devops.aishu.cn/AISHUDevOps/AnyRobot/_git/itops-alert-analysis/infra/opensearch/fault_point_store.go:431.16,433.3 1 0
devops.aishu.cn/AISHUDevOps/AnyRobot/_git/itops-alert-analysis/infra/opensearch/fault_point_store.go:435.2,440.16 3 0
devops.aishu.cn/AISHUDevOps/AnyRobot/_git/itops-alert-analysis/infra/opensearch/fault_point_store.go:440.16,442.3 1 0
devops.aishu.cn/AISHUDevOps/AnyRobot/_git/itops-alert-analysis/infra/opensearch/fault_point_store.go:443.2,443.15 1 0
[...]
devops.aishu.cn/AISHUDevOps/AnyRobot/_git/itops-alert-analysis/module/rca/root_cause.go:336.23,337.12 1 0
devops.aishu.cn/AISHUDevOps/AnyRobot/_git/itops-alert-analysis/module/rca/root_cause.go:340.3,341.23 2 0
devops.aishu.cn/AISHUDevOps/AnyRobot/_git/itops-alert-analysis/module/rca/root_cause.go:341.23,344.4 2 0
devops.aishu.cn/AISHUDevOps/AnyRobot/_git/itops-alert-analysis/module/rca/root_cause.go:347.2,347.22 1 0
devops.aishu.cn/AISHUDevOps/AnyRobot/_git/itops-alert-analysis/module/rca/root_cause.go:352.131,353.22 1 0
devops.aishu.cn/AISHUDevOps/AnyRobot/_git/itops-alert-analysis/module/rca/root_cause.go:353.22,355.3 1 0
devops.aishu.cn/AISHUDevOps/AnyRobot/_git/itops-alert-analysis/module/rca/root_cause.go:357.2,374.14 7 0
devops.aishu.cn/AISHUDevOps/AnyRobot/_git/itops-alert-analysis/module/rca/root_cause.go:379.108,380.38 1 0
devops.aishu.cn/AISHUDevOps/AnyRobot/_git/itops-alert-analysis/module/rca/root_cause.go:380.38,382.3 1 0
devops.aishu.cn/AISHUDevOps/AnyRobot/_git/itops-alert-analysis/module/rca/root_cause.go:384.2,386.9 3 0
devops.aishu.cn/AISHUDevOps/AnyRobot/_git/itops-alert-analysis/module/rca/root_cause.go:386.9,388.3 1 0
devops.aishu.cn/AISHUDevOps/AnyRobot/_git/itops-alert-analysis/module/rca/root_cause.go:390.2,391.33 2 0
devops.aishu.cn/AISHUDevOps/AnyRobot/_git/itops-alert-analysis/module/rca/root_cause.go:391.33,392.20 1 0
devops.aishu.cn/AISHUDevOps/AnyRobot/_git/itops-alert-analysis/module/rca/root_cause.go:392.20,393.12 1 0
devops.aishu.cn/AISHUDevOps/AnyRobot/_git/itops-alert-analysis/module/rca/root_cause.go:396.3,398.59 3 0
devops.aishu.cn/AISHUDevOps/AnyRobot/_git/itops-alert-analysis/module/rca/root_cause.go:398.59,400.4 1 0
devops.aishu.cn/AISHUDevOps/AnyRobot/_git/itops-alert-analysis/module/rca/root_cause.go:402.2,402.24 1 0
devops.aishu.cn/AISHUDevOps/AnyRobot/_git/itops-alert-analysis/module/rca/root_cause.go:407.106,408.22 1 0
devops.aishu.cn/AISHUDevOps/AnyRobot/_git/itops-alert-analysis/module/rca/root_cause.go:408.22,410.3 1 0
devops.aishu.cn/AISHUDevOps/AnyRobot/_git/itops-alert-analysis/module/rca/root_cause.go:412.2,415.30 3 0
devops.aishu.cn/AISHUDevOps/AnyRobot/_git/itops-alert-analysis/module/rca/root_cause.go:415.30,416.16 1 0
devops.aishu.cn/AISHUDevOps/AnyRobot/_git/itops-alert-analysis/module/rca/root_cause.go:416.16,417.12 1 0
devops.aishu.cn/AISHUDevOps/AnyRobot/_git/itops-alert-analysis/module/rca/root_cause.go:420.3,420.45 1 0
devops.aishu.cn/AISHUDevOps/AnyRobot/_git/itops-alert-analysis/module/rca/root_cause.go:420.45,426.20 3 0
devops.aishu.cn/AISHUDevOps/AnyRobot/_git/itops-alert-analysis/module/rca/root_cause.go:426.20,429.5 2 0
devops.aishu.cn/AISHUDevOps/AnyRobot/_git/itops-alert-analysis/module/rca/root_cause.go:434.2,434.30 1 0
devops.aishu.cn/AISHUDevOps/AnyRobot/_git/itops-alert-analysis/module/rca/root_cause.go:434.30,436.3 1 0
devops.aishu.cn/AISHUDevOps/AnyRobot/_git/itops-alert-analysis/module/rca/root_cause.go:438.2,438.18 1 0
devops.aishu.cn/AISHUDevOps/AnyRobot/_git/itops-alert-analysis/module/rca/root_cause.go:443.86,444.22 1 0
devops.aishu.cn/AISHUDevOps/AnyRobot/_git/itops-alert-analysis/module/rca/root_cause.go:444.22,446.3 1 0
devops.aishu.cn/AISHUDevOps/AnyRobot/_git/itops-alert-analysis/module/rca/root_cause.go:449.2,449.37 1 0
devops.aishu.cn/AISHUDevOps/AnyRobot/_git/itops-alert-analysis/module/rca/root_cause.go:449.37,451.3 1 0
devops.aishu.cn/AISHUDevOps/AnyRobot/_git/itops-alert-analysis/module/rca/root_cause.go:453.2,454.38 2 0
devops.aishu.cn/AISHUDevOps/AnyRobot/_git/itops-alert-analysis/module/rca/root_cause.go:454.38,456.3 1 0
devops.aishu.cn/AISHUDevOps/AnyRobot/_git/itops-alert-analysis/module/rca/root_cause.go:457.2,457.22 1 0
devops.aishu.cn/AISHUDevOps/AnyRobot/_git/itops-alert-analysis/module/rca/root_cause.go:462.86,463.22 1 0
devops.aishu.cn/AISHUDevOps/AnyRobot/_git/itops-alert-analysis/module/rca/root_cause.go:463.22,465.3 1 0
devops.aishu.cn/AISHUDevOps/AnyRobot/_git/itops-alert-analysis/module/rca/root_cause.go:469.2,470.23 2 0
devops.aishu.cn/AISHUDevOps/AnyRobot/_git/itops-alert-analysis/module/rca/root_cause.go:470.23,472.3 1 0
devops.aishu.cn/AISHUDevOps/AnyRobot/_git/itops-alert-analysis/module/rca/root_cause.go:473.2,473.38 1 0
devops.aishu.cn/AISHUDevOps/AnyRobot/_git/itops-alert-analysis/module/rca/root_cause.go:473.38,475.3 1 0
devops.aishu.cn/AISHUDevOps/AnyRobot/_git/itops-alert-analysis/module/rca/root_cause.go:476.2,476.22 1 0
devops.aishu.cn/AISHUDevOps/AnyRobot/_git/itops-alert-analysis/module/rca/root_cause.go:481.84,482.22 1 0
devops.aishu.cn/AISHUDevOps/AnyRobot/_git/itops-alert-analysis/module/rca/root_cause.go:482.22,484.3 1 0
devops.aishu.cn/AISHUDevOps/AnyRobot/_git/itops-alert-analysis/module/rca/root_cause.go:486.2,486.31 1 0
devops.aishu.cn/AISHUDevOps/AnyRobot/_git/itops-alert-analysis/module/rca/root_cause.go:487.35,489.32 1 0
devops.aishu.cn/AISHUDevOps/AnyRobot/_git/itops-alert-analysis/module/rca/root_cause.go:490.34,492.29 1 0
devops.aishu.cn/AISHUDevOps/AnyRobot/_git/itops-alert-analysis/module/rca/root_cause.go:493.10,495.13 1 0
devops.aishu.cn/AISHUDevOps/AnyRobot/_git/itops-alert-analysis/module/rca/root_cause.go:503.51,505.2 1 0
devops.aishu.cn/AISHUDevOps/AnyRobot/_git/itops-alert-analysis/module/rca/root_cause.go:509.75,511.2 1 0
devops.aishu.cn/AISHUDevOps/AnyRobot/_git/itops-alert-analysis/module/rca/service.go:59.21,71.16 2 0
devops.aishu.cn/AISHUDevOps/AnyRobot/_git/itops-alert-analysis/module/rca/service.go:71.16,73.3 1 0
devops.aishu.cn/AISHUDevOps/AnyRobot/_git/itops-alert-analysis/module/rca/service.go:75.2,86.8 1 0
devops.aishu.cn/AISHUDevOps/AnyRobot/_git/itops-alert-analysis/module/rca/service.go:90.76,91.23 1 0
devops.aishu.cn/AISHUDevOps/AnyRobot/_git/itops-alert-analysis/module/rca/service.go:91.23,93.3 1 0
devops.aishu.cn/AISHUDevOps/AnyRobot/_git/itops-alert-analysis/module/rca/service.go:94.2,94.46 1 0
devops.aishu.cn/AISHUDevOps/AnyRobot/_git/itops-alert-analysis/module/rca/service.go:98.52,99.28 1 0
devops.aishu.cn/AISHUDevOps/AnyRobot/_git/itops-alert-analysis/module/rca/service.go:99.28,101.3 1 0
devops.aishu.cn/AISHUDevOps/AnyRobot/_git/itops-alert-analysis/module/rca/service.go:103.2,109.12 4 0
devops.aishu.cn/AISHUDevOps/AnyRobot/_git/itops-alert-analysis/module/rca/service.go:109.12,111.72 2 0
devops.aishu.cn/AISHUDevOps/AnyRobot/_git/itops-alert-analysis/module/rca/service.go:111.72,113.60 2 0
devops.aishu.cn/AISHUDevOps/AnyRobot/_git/itops-alert-analysis/module/rca/service.go:113.60,116.5 2 0
devops.aishu.cn/AISHUDevOps/AnyRobot/_git/itops-alert-analysis/module/rca/service.go:117.4,117.28 1 0
devops.aishu.cn/AISHUDevOps/AnyRobot/_git/itops-alert-analysis/module/rca/service.go:117.28,119.5 1 0
devops.aishu.cn/AISHUDevOps/AnyRobot/_git/itops-alert-analysis/module/rca/service.go:120.4,125.14 6 0
devops.aishu.cn/AISHUDevOps/AnyRobot/_git/itops-alert-analysis/module/rca/service.go:127.3,127.72 1 0
devops.aishu.cn/AISHUDevOps/AnyRobot/_git/itops-alert-analysis/module/rca/service.go:127.72,129.4 1 0
devops.aishu.cn/AISHUDevOps/AnyRobot/_git/itops-alert-analysis/module/rca/service.go:133.2,133.6 1 0
devops.aishu.cn/AISHUDevOps/AnyRobot/_git/itops-alert-analysis/module/rca/service.go:133.6,134.10 1 0
devops.aishu.cn/AISHUDevOps/AnyRobot/_git/itops-alert-analysis/module/rca/service.go:135.21,137.14 2 0
devops.aishu.cn/AISHUDevOps/AnyRobot/_git/itops-alert-analysis/module/rca/service.go:139.19,143.29 4 0
devops.aishu.cn/AISHUDevOps/AnyRobot/_git/itops-alert-analysis/module/rca/service.go:143.29,146.13 3 0
devops.aishu.cn/AISHUDevOps/AnyRobot/_git/itops-alert-analysis/module/rca/service.go:150.4,151.33 2 0
devops.aishu.cn/AISHUDevOps/AnyRobot/_git/itops-alert-analysis/module/rca/service.go:151.33,153.5 1 0
devops.aishu.cn/AISHUDevOps/AnyRobot/_git/itops-alert-analysis/module/rca/service.go:154.4,162.76 6 0
devops.aishu.cn/AISHUDevOps/AnyRobot/_git/itops-alert-analysis/module/rca/service.go:167.33,173.28 3 0
devops.aishu.cn/AISHUDevOps/AnyRobot/_git/itops-alert-analysis/module/rca/service.go:173.28,174.49 1 0
devops.aishu.cn/AISHUDevOps/AnyRobot/_git/itops-alert-analysis/module/rca/service.go:174.49,177.4 2 0
devops.aishu.cn/AISHUDevOps/AnyRobot/_git/itops-alert-analysis/module/rca/service.go:181.2,181.19 1 0
devops.aishu.cn/AISHUDevOps/AnyRobot/_git/itops-alert-analysis/module/rca/service.go:181.19,183.3 1 0
devops.aishu.cn/AISHUDevOps/AnyRobot/_git/itops-alert-analysis/module/rca/service.go:185.2,186.12 2 0
devops.aishu.cn/AISHUDevOps/AnyRobot/_git/itops-alert-analysis/module/rca/service.go:191.74,199.33 5 0
devops.aishu.cn/AISHUDevOps/AnyRobot/_git/itops-alert-analysis/module/rca/service.go:199.33,204.62 3 0
devops.aishu.cn/AISHUDevOps/AnyRobot/_git/itops-alert-analysis/module/rca/service.go:204.62,208.4 3 0
devops.aishu.cn/AISHUDevOps/AnyRobot/_git/itops-alert-analysis/module/rca/service.go:209.3,211.21 2 0
devops.aishu.cn/AISHUDevOps/AnyRobot/_git/itops-alert-analysis/module/rca/service.go:211.21,223.17 6 0
devops.aishu.cn/AISHUDevOps/AnyRobot/_git/itops-alert-analysis/module/rca/service.go:223.17,228.5 4 0
devops.aishu.cn/AISHUDevOps/AnyRobot/_git/itops-alert-analysis/module/rca/service.go:229.4,230.18 2 0
devops.aishu.cn/AISHUDevOps/AnyRobot/_git/itops-alert-analysis/module/rca/service.go:230.18,232.41 2 0
devops.aishu.cn/AISHUDevOps/AnyRobot/_git/itops-alert-analysis/module/rca/service.go:232.41,235.6 2 0
devops.aishu.cn/AISHUDevOps/AnyRobot/_git/itops-alert-analysis/module/rca/service.go:236.5,237.15 2 0
devops.aishu.cn/AISHUDevOps/AnyRobot/_git/itops-alert-analysis/module/rca/service.go:240.4,240.31 1 0
devops.aishu.cn/AISHUDevOps/AnyRobot/_git/itops-alert-analysis/module/rca/service.go:240.31,243.63 2 0
devops.aishu.cn/AISHUDevOps/AnyRobot/_git/itops-alert-analysis/module/rca/service.go:243.63,246.6 2 0
devops.aishu.cn/AISHUDevOps/AnyRobot/_git/itops-alert-analysis/module/rca/service.go:247.5,247.38 1 0
devops.aishu.cn/AISHUDevOps/AnyRobot/_git/itops-alert-analysis/module/rca/service.go:248.10,251.5 2 0
devops.aishu.cn/AISHUDevOps/AnyRobot/_git/itops-alert-analysis/module/rca/service.go:252.4,252.14 1 0
devops.aishu.cn/AISHUDevOps/AnyRobot/_git/itops-alert-analysis/module/rca/service.go:256.2,256.33 1 0
devops.aishu.cn/AISHUDevOps/AnyRobot/_git/itops-alert-analysis/module/rca/service.go:256.33,258.3 1 0
devops.aishu.cn/AISHUDevOps/AnyRobot/_git/itops-alert-analysis/module/rca/service.go:261.2,264.36 1 0
devops.aishu.cn/AISHUDevOps/AnyRobot/_git/itops-alert-analysis/module/rca/service.go:269.99,273.20 3 0
devops.aishu.cn/AISHUDevOps/AnyRobot/_git/itops-alert-analysis/module/rca/service.go:273.20,275.3 1 0
devops.aishu.cn/AISHUDevOps/AnyRobot/_git/itops-alert-analysis/module/rca/service.go:277.2,279.37 2 0
devops.aishu.cn/AISHUDevOps/AnyRobot/_git/itops-alert-analysis/module/rca/service.go:279.37,281.3 1 0
devops.aishu.cn/AISHUDevOps/AnyRobot/_git/itops-alert-analysis/module/rca/service.go:284.2,285.16 2 0
devops.aishu.cn/AISHUDevOps/AnyRobot/_git/itops-alert-analysis/module/rca/service.go:285.16,287.3 1 0
devops.aishu.cn/AISHUDevOps/AnyRobot/_git/itops-alert-analysis/module/rca/service.go:290.2,291.16 2 0
devops.aishu.cn/AISHUDevOps/AnyRobot/_git/itops-alert-analysis/module/rca/service.go:291.16,293.3 1 0
devops.aishu.cn/AISHUDevOps/AnyRobot/_git/itops-alert-analysis/module/rca/service.go:294.2,296.33 2 0
devops.aishu.cn/AISHUDevOps/AnyRobot/_git/itops-alert-analysis/module/rca/service.go:296.33,298.3 1 0
devops.aishu.cn/AISHUDevOps/AnyRobot/_git/itops-alert-analysis/module/rca/service.go:301.2,302.16 2 0
devops.aishu.cn/AISHUDevOps/AnyRobot/_git/itops-alert-analysis/module/rca/service.go:302.16,304.3 1 0
devops.aishu.cn/AISHUDevOps/AnyRobot/_git/itops-alert-analysis/module/rca/service.go:305.2,309.16 3 0
devops.aishu.cn/AISHUDevOps/AnyRobot/_git/itops-alert-analysis/module/rca/service.go:309.16,312.3 1 0
devops.aishu.cn/AISHUDevOps/AnyRobot/_git/itops-alert-analysis/module/rca/service.go:313.2,313.19 1 0
devops.aishu.cn/AISHUDevOps/AnyRobot/_git/itops-alert-analysis/module/rca/service.go:313.19,315.3 1 0
devops.aishu.cn/AISHUDevOps/AnyRobot/_git/itops-alert-analysis/module/rca/service.go:317.2,322.16 3 0
devops.aishu.cn/AISHUDevOps/AnyRobot/_git/itops-alert-analysis/module/rca/service.go:322.16,325.3 1 0
devops.aishu.cn/AISHUDevOps/AnyRobot/_git/itops-alert-analysis/module/rca/service.go:327.2,329.30 2 0
devops.aishu.cn/AISHUDevOps/AnyRobot/_git/itops-alert-analysis/module/rca/service.go:334.93,336.16 2 0
devops.aishu.cn/AISHUDevOps/AnyRobot/_git/itops-alert-analysis/module/rca/service.go:336.16,338.3 1 0
devops.aishu.cn/AISHUDevOps/AnyRobot/_git/itops-alert-analysis/module/rca/service.go:339.2,339.30 1 0
devops.aishu.cn/AISHUDevOps/AnyRobot/_git/itops-alert-analysis/module/rca/service.go:339.30,341.3 1 0
devops.aishu.cn/AISHUDevOps/AnyRobot/_git/itops-alert-analysis/module/rca/service.go:342.2,342.31 1 0
devops.aishu.cn/AISHUDevOps/AnyRobot/_git/itops-alert-analysis/module/rca/service.go:345.99,365.2 1 0
devops.aishu.cn/AISHUDevOps/AnyRobot/_git/itops-alert-analysis/module/rca/service.go:368.120,369.41 1 0
devops.aishu.cn/AISHUDevOps/AnyRobot/_git/itops-alert-analysis/module/rca/service.go:369.41,371.3 1 0
devops.aishu.cn/AISHUDevOps/AnyRobot/_git/itops-alert-analysis/module/rca/service.go:374.2,374.40 1 0
devops.aishu.cn/AISHUDevOps/AnyRobot/_git/itops-alert-analysis/module/rca/service.go:374.40,376.3 1 0
devops.aishu.cn/AISHUDevOps/AnyRobot/_git/itops-alert-analysis/module/rca/service.go:379.2,380.16 2 0
devops.aishu.cn/AISHUDevOps/AnyRobot/_git/itops-alert-analysis/module/rca/service.go:380.16,382.3 1 0
devops.aishu.cn/AISHUDevOps/AnyRobot/_git/itops-alert-analysis/module/rca/service.go:383.2,385.31 2 0
devops.aishu.cn/AISHUDevOps/AnyRobot/_git/itops-alert-analysis/module/rca/service.go:389.163,391.33 1 0
devops.aishu.cn/AISHUDevOps/AnyRobot/_git/itops-alert-analysis/module/rca/service.go:391.33,399.3 1 0
devops.aishu.cn/AISHUDevOps/AnyRobot/_git/itops-alert-analysis/module/rca/service.go:401.2,411.39 3 0
devops.aishu.cn/AISHUDevOps/AnyRobot/_git/itops-alert-analysis/module/rca/service.go:411.39,413.60 1 0
devops.aishu.cn/AISHUDevOps/AnyRobot/_git/itops-alert-analysis/module/rca/service.go:413.60,414.12 1 0
devops.aishu.cn/AISHUDevOps/AnyRobot/_git/itops-alert-analysis/module/rca/service.go:417.3,417.109 1 0
devops.aishu.cn/AISHUDevOps/AnyRobot/_git/itops-alert-analysis/module/rca/service.go:423.2,423.57 1 0
devops.aishu.cn/AISHUDevOps/AnyRobot/_git/itops-alert-analysis/module/rca/service.go:423.57,424.49 1 0
devops.aishu.cn/AISHUDevOps/AnyRobot/_git/itops-alert-analysis/module/rca/service.go:424.49,425.12 1 0
devops.aishu.cn/AISHUDevOps/AnyRobot/_git/itops-alert-analysis/module/rca/service.go:429.3,429.102 1 0
devops.aishu.cn/AISHUDevOps/AnyRobot/_git/itops-alert-analysis/module/rca/service.go:445.2,445.23 1 0
devops.aishu.cn/AISHUDevOps/AnyRobot/_git/itops-alert-analysis/module/rca/service.go:450.175,452.31 1 0
devops.aishu.cn/AISHUDevOps/AnyRobot/_git/itops-alert-analysis/module/rca/service.go:452.31,458.3 1 0
devops.aishu.cn/AISHUDevOps/AnyRobot/_git/itops-alert-analysis/module/rca/service.go:460.2,474.114 4 0
devops.aishu.cn/AISHUDevOps/AnyRobot/_git/itops-alert-analysis/module/rca/service.go:474.114,477.3 1 0
devops.aishu.cn/AISHUDevOps/AnyRobot/_git/itops-alert-analysis/module/rca/service.go:480.2,481.22 2 0
devops.aishu.cn/AISHUDevOps/AnyRobot/_git/itops-alert-analysis/module/rca/service.go:481.22,484.3 2 0
devops.aishu.cn/AISHUDevOps/AnyRobot/_git/itops-alert-analysis/module/rca/service.go:487.2,491.20 4 0
devops.aishu.cn/AISHUDevOps/AnyRobot/_git/itops-alert-analysis/module/rca/service.go:497.249,499.19 1 0
devops.aishu.cn/AISHUDevOps/AnyRobot/_git/itops-alert-analysis/module/rca/service.go:499.19,501.3 1 0
devops.aishu.cn/AISHUDevOps/AnyRobot/_git/itops-alert-analysis/module/rca/service.go:504.2,505.16 2 0
devops.aishu.cn/AISHUDevOps/AnyRobot/_git/itops-alert-analysis/module/rca/service.go:505.16,507.3 1 0
devops.aishu.cn/AISHUDevOps/AnyRobot/_git/itops-alert-analysis/module/rca/service.go:509.2,531.30 3 0
devops.aishu.cn/AISHUDevOps/AnyRobot/_git/itops-alert-analysis/module/rca/type.go:61.36,70.2 1 0
devops.aishu.cn/AISHUDevOps/AnyRobot/_git/itops-alert-analysis/utils/slice/slice.go:10.59,11.28 1 0
devops.aishu.cn/AISHUDevOps/AnyRobot/_git/itops-alert-analysis/utils/slice/slice.go:11.28,12.16 1 0
devops.aishu.cn/AISHUDevOps/AnyRobot/_git/itops-alert-analysis/utils/slice/slice.go:12.16,14.4 1 0
devops.aishu.cn/AISHUDevOps/AnyRobot/_git/itops-alert-analysis/utils/slice/slice.go:16.2,16.24 1 0
devops.aishu.cn/AISHUDevOps/AnyRobot/_git/itops-alert-analysis/utils/slice/slice.go:20.59,21.28 1 0
devops.aishu.cn/AISHUDevOps/AnyRobot/_git/itops-alert-analysis/utils/slice/slice.go:21.28,22.16 1 0
devops.aishu.cn/AISHUDevOps/AnyRobot/_git/itops-alert-analysis/utils/slice/slice.go:22.16,24.4 1 0
devops.aishu.cn/AISHUDevOps/AnyRobot/_git/itops-alert-analysis/utils/slice/slice.go:26.2,26.24 1 0
devops.aishu.cn/AISHUDevOps/AnyRobot/_git/itops-alert-analysis/utils/slice/slice.go:30.51,31.28 1 0
devops.aishu.cn/AISHUDevOps/AnyRobot/_git/itops-alert-analysis/utils/slice/slice.go:31.28,32.16 1 0
devops.aishu.cn/AISHUDevOps/AnyRobot/_git/itops-alert-analysis/utils/slice/slice.go:32.16,34.4 1 0
devops.aishu.cn/AISHUDevOps/AnyRobot/_git/itops-alert-analysis/utils/slice/slice.go:36.2,36.14 1 0
devops.aishu.cn/AISHUDevOps/AnyRobot/_git/itops-alert-analysis/utils/slice/slice.go:40.51,41.28 1 0
devops.aishu.cn/AISHUDevOps/AnyRobot/_git/itops-alert-analysis/utils/slice/slice.go:41.28,42.16 1 0
devops.aishu.cn/AISHUDevOps/AnyRobot/_git/itops-alert-analysis/utils/slice/slice.go:42.16,44.4 1 0
devops.aishu.cn/AISHUDevOps/AnyRobot/_git/itops-alert-analysis/utils/slice/slice.go:46.2,46.14 1 0
devops.aishu.cn/AISHUDevOps/AnyRobot/_git/itops-alert-analysis/utils/slice/slice.go:50.44,52.49 2 0
devops.aishu.cn/AISHUDevOps/AnyRobot/_git/itops-alert-analysis/utils/slice/slice.go:52.49,54.20 2 0
devops.aishu.cn/AISHUDevOps/AnyRobot/_git/itops-alert-analysis/utils/slice/slice.go:54.20,56.4 1 0
devops.aishu.cn/AISHUDevOps/AnyRobot/_git/itops-alert-analysis/utils/slice/slice.go:58.2,58.15 1 0
devops.aishu.cn/AISHUDevOps/AnyRobot/_git/itops-alert-analysis/utils/slice/slice.go:62.44,64.49 2 0
devops.aishu.cn/AISHUDevOps/AnyRobot/_git/itops-alert-analysis/utils/slice/slice.go:64.49,66.20 2 0
devops.aishu.cn/AISHUDevOps/AnyRobot/_git/itops-alert-analysis/utils/slice/slice.go:66.20,68.15 2 0
devops.aishu.cn/AISHUDevOps/AnyRobot/_git/itops-alert-analysis/utils/slice/slice.go:68.15,70.5 1 0
devops.aishu.cn/AISHUDevOps/AnyRobot/_git/itops-alert-analysis/utils/slice/slice.go:73.2,73.15 1 0
devops.aishu.cn/AISHUDevOps/AnyRobot/_git/itops-alert-analysis/utils/timex/timex.go:8.31,10.2 1 0
devops.aishu.cn/AISHUDevOps/AnyRobot/_git/itops-alert-analysis/utils/timex/timex.go:12.55,14.16 2 0
devops.aishu.cn/AISHUDevOps/AnyRobot/_git/itops-alert-analysis/utils/timex/timex.go:14.16,16.3 1 0
devops.aishu.cn/AISHUDevOps/AnyRobot/_git/itops-alert-analysis/utils/timex/timex.go:17.2,17.15 1 0
devops.aishu.cn/AISHUDevOps/AnyRobot/_git/itops-alert-analysis/utils/timex/timex.go:21.49,23.2 1 1
devops.aishu.cn/AISHUDevOps/AnyRobot/_git/itops-alert-analysis/utils/idgen/id_gen.go:26.23,28.2 1 1
devops.aishu.cn/AISHUDevOps/AnyRobot/_git/itops-alert-analysis/utils/idgen/id_gen.go:30.37,37.20 4 1
devops.aishu.cn/AISHUDevOps/AnyRobot/_git/itops-alert-analysis/utils/idgen/id_gen.go:37.20,40.17 2 1
devops.aishu.cn/AISHUDevOps/AnyRobot/_git/itops-alert-analysis/utils/idgen/id_gen.go:40.17,42.23 1 1
devops.aishu.cn/AISHUDevOps/AnyRobot/_git/itops-alert-analysis/utils/idgen/id_gen.go:42.23,45.5 2 1
devops.aishu.cn/AISHUDevOps/AnyRobot/_git/itops-alert-analysis/utils/idgen/id_gen.go:47.8,50.3 1 1
devops.aishu.cn/AISHUDevOps/AnyRobot/_git/itops-alert-analysis/utils/idgen/id_gen.go:52.2,55.44 2 1
devops.aishu.cn/AISHUDevOps/AnyRobot/_git/itops-alert-analysis/utils/idgen/id_gen.go:60.49,62.2 1 0
devops.aishu.cn/AISHUDevOps/AnyRobot/_git/itops-alert-analysis/utils/idgen/id_gen.go:65.50,67.2 0 0
